2023-08-07 10:41:20.827 [info] Extension host with pid 774 started
2023-08-07 10:41:20.858 [info] Lock '/home/yaryhin/.vscode-server/data/User/workspaceStorage/e0e1b92089769cd02892f3fe61912a29/vscode.lock': Lock acquired.
2023-08-07 10:41:20.887 [info] ExtensionService#_doActivateExtension vscode.git-base, startup: true, activationEvent: '*'
2023-08-07 10:41:20.900 [info] ExtensionService#_doActivateExtension vscode.npm, startup: true, activationEvent: 'workspaceContains:package.json'
2023-08-07 10:41:20.965 [info] ExtensionService#_doActivateExtension vscode.github, startup: true, activationEvent: '*'
2023-08-07 10:41:22.048 [info] Eager extensions activated
2023-08-07 10:41:22.049 [info] ExtensionService#_doActivateExtension vscode.debug-auto-launch, startup: false, activationEvent: 'onStartupFinished'
2023-08-07 10:41:22.050 [info] ExtensionService#_doActivateExtension vscode.merge-conflict, startup: false, activationEvent: 'onStartupFinished'
2023-08-07 10:41:22.407 [info] ExtensionService#_doActivateExtension vscode.git, startup: false, activationEvent: 'api', root cause: vscode.github
2023-08-07 10:41:31.660 [info] ExtensionService#_doActivateExtension vscode.typescript-language-features, startup: false, activationEvent: 'onLanguage:javascript'
2023-08-07 10:41:31.661 [info] ExtensionService#_doActivateExtension vscode.emmet, startup: false, activationEvent: 'onLanguage'
2023-08-07 10:45:16.663 [info] ExtensionService#_doActivateExtension vscode.extension-editing, startup: false, activationEvent: 'onLanguage:json'
2023-08-07 10:45:16.663 [info] ExtensionService#_doActivateExtension vscode.json-language-features, startup: false, activationEvent: 'onLanguage:json'
2023-08-07 12:29:59.937 [info] ExtensionService#_doActivateExtension NomicFoundation.hardhat-solidity, startup: false, activationEvent: 'workspaceContains:**/hardhat.config.{ts,js},**/foundry.toml,**/truffle-config.js,**/ape-config.yaml'
2023-08-07 13:02:04.264 [info] ExtensionService#_doActivateExtension vscode.markdown-language-features, startup: false, activationEvent: 'onLanguage:markdown'
2023-08-07 13:02:04.756 [info] ExtensionService#_doActivateExtension vscode.markdown-math, startup: false, activationEvent: 'api', root cause: vscode.markdown-language-features
2023-08-08 11:26:03.505 [info] ExtensionService#_doActivateExtension vscode.debug-server-ready, startup: false, activationEvent: 'onDebugResolve'
2023-08-08 11:26:03.506 [info] ExtensionService#_doActivateExtension ms-vscode.js-debug, startup: false, activationEvent: 'onDebugResolve:pwa-node'
2023-08-08 11:27:28.506 [info] Extension host terminating: received terminate message from renderer
2023-08-08 11:27:28.508 [info] Lock '/home/yaryhin/.vscode-server/data/User/workspaceStorage/e0e1b92089769cd02892f3fe61912a29/vscode.lock': Marking the lockfile as scheduled to be released in 6000 ms.
2023-08-08 11:27:28.754 [info] Extension host with pid 774 exiting with code 0
