0 verbose cli /home/yaryhin/.nvm/versions/node/v18.17.0/bin/node /home/yaryhin/.nvm/versions/node/v18.17.0/bin/npm
1 info using npm@9.6.7
2 info using node@v18.17.0
3 timing npm:load:whichnode Completed in 2ms
4 timing config:load:defaults Completed in 1ms
5 timing config:load:file:/home/yaryhin/.nvm/versions/node/v18.17.0/lib/node_modules/npm/npmrc Completed in 1ms
6 timing config:load:builtin Completed in 2ms
7 timing config:load:cli Completed in 1ms
8 timing config:load:env Completed in 1ms
9 timing config:load:file:/home/yaryhin/.cache/typescript/5.1/.npmrc Completed in 0ms
10 timing config:load:project Completed in 2ms
11 timing config:load:file:/home/yaryhin/.npmrc Completed in 0ms
12 timing config:load:user Completed in 0ms
13 timing config:load:file:/home/yaryhin/.nvm/versions/node/v18.17.0/etc/npmrc Completed in 0ms
14 timing config:load:global Completed in 1ms
15 timing config:load:setEnvs Completed in 0ms
16 timing config:load Completed in 8ms
17 timing npm:load:configload Completed in 8ms
18 timing npm:load:mkdirpcache Completed in 0ms
19 timing npm:load:mkdirplogs Completed in 1ms
20 verbose title npm install types-registry@latest
21 verbose argv "install" "--ignore-scripts" "types-registry@latest"
22 timing npm:load:setTitle Completed in 1ms
23 timing config:load:flatten Completed in 2ms
24 timing npm:load:display Completed in 3ms
25 verbose logfile logs-max:10 dir:/home/yaryhin/.npm/_logs/2023-08-07T08_43_15_393Z-
26 verbose logfile /home/yaryhin/.npm/_logs/2023-08-07T08_43_15_393Z-debug-0.log
27 timing npm:load:logFile Completed in 7ms
28 timing npm:load:timers Completed in 0ms
29 timing npm:load:configScope Completed in 0ms
30 timing npm:load Completed in 22ms
31 timing arborist:ctor Completed in 1ms
32 silly logfile done cleaning log files
33 timing arborist:ctor Completed in 0ms
34 timing idealTree:init Completed in 10ms
35 http fetch GET 200 https://registry.npmjs.org/types-registry 272ms (cache miss)
36 timing idealTree:userRequests Completed in 282ms
37 silly idealTree buildDeps
38 silly fetch manifest types-registry@0.1.655
39 silly placeDep ROOT types-registry@0.1.655 OK for:  want: 0.1.655
40 timing idealTree:#root Completed in 5ms
41 timing idealTree:node_modules/types-registry Completed in 0ms
42 timing idealTree:buildDeps Completed in 5ms
43 timing idealTree:fixDepFlags Completed in 0ms
44 timing idealTree Completed in 298ms
45 timing reify:loadTrees Completed in 299ms
46 timing reify:diffTrees Completed in 1ms
47 silly reify moves {}
48 timing reify:retireShallow Completed in 1ms
49 timing reify:createSparse Completed in 3ms
50 timing reify:loadBundles Completed in 0ms
51 silly audit bulk request { 'types-registry': [ '0.1.655' ] }
52 silly tarball no local data for types-registry@https://registry.npmjs.org/types-registry/-/types-registry-0.1.655.tgz. Extracting by manifest.
53 http fetch GET 200 https://registry.npmjs.org/npm 406ms (cache miss)
54 http fetch GET 200 https://registry.npmjs.org/types-registry/-/types-registry-0.1.655.tgz 106ms (cache miss)
55 timing reifyNode:node_modules/types-registry Completed in 113ms
56 timing reify:unpack Completed in 113ms
57 timing reify:unretire Completed in 0ms
58 timing build:queue Completed in 0ms
59 timing build:deps Completed in 1ms
60 timing build Completed in 1ms
61 timing reify:build Completed in 1ms
62 timing reify:trash Completed in 0ms
63 timing reify:save Completed in 4ms
64 http fetch POST 200 https://registry.npmjs.org/-/npm/v1/security/advisories/bulk 198ms
65 timing auditReport:getReport Completed in 199ms
66 silly audit report {}
67 timing auditReport:init Completed in 0ms
68 timing reify:audit Completed in 200ms
69 timing reify Completed in 542ms
70 silly ADD node_modules/types-registry
71 timing command:install Completed in 546ms
72 notice
72 notice New minor version of npm available! 9.6.7 -> 9.8.1
72 notice Changelog: <https://github.com/npm/cli/releases/tag/v9.8.1>
72 notice Run `npm install -g npm@9.8.1` to update!
72 notice
73 verbose exit 0
74 timing npm Completed in 802ms
75 info ok
