0 verbose cli /home/yaryhin/.nvm/versions/node/v18.17.0/bin/node /home/yaryhin/.nvm/versions/node/v18.17.0/lib/node_modules/npm/bin/npm-cli.js
1 info using npm@9.6.7
2 info using node@v18.17.0
3 timing npm:load:whichnode Completed in 2ms
4 timing config:load:defaults Completed in 1ms
5 timing config:load:file:/home/yaryhin/.nvm/versions/node/v18.17.0/lib/node_modules/npm/npmrc Completed in 1ms
6 timing config:load:builtin Completed in 1ms
7 timing config:load:cli Completed in 1ms
8 timing config:load:env Completed in 0ms
9 timing config:load:file:/mnt/c/Users/aderh/Programing/Web-3/hardhat-simple-storage/.npmrc Completed in 0ms
10 timing config:load:project Completed in 6ms
11 timing config:load:file:/home/yaryhin/.npmrc Completed in 1ms
12 timing config:load:user Completed in 1ms
13 timing config:load:file:/home/yaryhin/.nvm/versions/node/v18.17.0/etc/npmrc Completed in 0ms
14 timing config:load:global Completed in 0ms
15 timing config:load:setEnvs Completed in 1ms
16 timing config:load Completed in 12ms
17 timing npm:load:configload Completed in 12ms
18 timing npm:load:mkdirpcache Completed in 0ms
19 timing npm:load:mkdirplogs Completed in 0ms
20 verbose title npm exec hardhat run scripts/deploy.js --network sepoila
21 verbose argv "exec" "--" "hardhat" "run" "scripts/deploy.js" "--network" "sepoila"
22 timing npm:load:setTitle Completed in 1ms
23 timing config:load:flatten Completed in 2ms
24 timing npm:load:display Completed in 2ms
25 verbose logfile logs-max:10 dir:/home/yaryhin/.npm/_logs/2023-08-07T08_52_46_975Z-
26 verbose logfile /home/yaryhin/.npm/_logs/2023-08-07T08_52_46_975Z-debug-0.log
27 timing npm:load:logFile Completed in 5ms
28 timing npm:load:timers Completed in 1ms
29 timing npm:load:configScope Completed in 0ms
30 timing npm:load Completed in 24ms
31 silly logfile done cleaning log files
32 timing command:exec Completed in 13260ms
33 verbose exit 1
34 timing npm Completed in 13396ms
35 verbose code 1
