0 verbose cli /home/yaryhin/.nvm/versions/node/v18.17.0/bin/node /home/yaryhin/.nvm/versions/node/v18.17.0/bin/npm
1 info using npm@9.6.7
2 info using node@v18.17.0
3 timing npm:load:whichnode Completed in 2ms
4 timing config:load:defaults Completed in 1ms
5 timing config:load:file:/home/yaryhin/.nvm/versions/node/v18.17.0/lib/node_modules/npm/npmrc Completed in 2ms
6 timing config:load:builtin Completed in 2ms
7 warn config dev Please use --include=dev instead.
8 timing config:load:cli Completed in 2ms
9 timing config:load:env Completed in 0ms
10 timing config:load:file:/mnt/c/Users/aderh/Programing/Web-3/hardhat-simple-storage/.npmrc Completed in 0ms
11 timing config:load:project Completed in 8ms
12 timing config:load:file:/home/yaryhin/.npmrc Completed in 0ms
13 timing config:load:user Completed in 0ms
14 timing config:load:file:/home/yaryhin/.nvm/versions/node/v18.17.0/etc/npmrc Completed in 0ms
15 timing config:load:global Completed in 0ms
16 timing config:load:setEnvs Completed in 1ms
17 timing config:load Completed in 14ms
18 timing npm:load:configload Completed in 14ms
19 timing npm:load:mkdirpcache Completed in 0ms
20 timing npm:load:mkdirplogs Completed in 0ms
21 verbose title npm install dotenv
22 verbose argv "install" "--dev" "dotenv"
23 timing npm:load:setTitle Completed in 1ms
24 timing config:load:flatten Completed in 2ms
25 timing npm:load:display Completed in 3ms
26 verbose logfile logs-max:10 dir:/home/yaryhin/.npm/_logs/2023-08-07T08_44_36_651Z-
27 verbose logfile /home/yaryhin/.npm/_logs/2023-08-07T08_44_36_651Z-debug-0.log
28 timing npm:load:logFile Completed in 6ms
29 timing npm:load:timers Completed in 0ms
30 timing npm:load:configScope Completed in 0ms
31 timing npm:load Completed in 27ms
32 timing arborist:ctor Completed in 0ms
33 silly logfile done cleaning log files
34 timing idealTree:init Completed in 330ms
35 timing idealTree:userRequests Completed in 0ms
36 silly idealTree buildDeps
37 silly fetch manifest dotenv@*
38 timing arborist:ctor Completed in 0ms
39 http fetch GET 200 https://registry.npmjs.org/dotenv 1313ms (cache miss)
40 silly placeDep ROOT dotenv@16.3.1 OK for: hardhat-simple-storage@1.0.0 want: *
41 timing idealTree:#root Completed in 1321ms
42 timing idealTree:node_modules/dotenv Completed in 0ms
43 timing idealTree:buildDeps Completed in 1322ms
44 timing idealTree:fixDepFlags Completed in 4ms
45 timing idealTree Completed in 1664ms
46 timing reify:loadTrees Completed in 1665ms
47 timing reify:diffTrees Completed in 209ms
48 silly reify moves {}
49 timing reify:retireShallow Completed in 1ms
50 timing reify:createSparse Completed in 21ms
51 timing reify:loadBundles Completed in 0ms
52 silly audit bulk request {
52 silly audit   '@chainsafe/as-sha256': [ '0.3.1' ],
52 silly audit   '@chainsafe/persistent-merkle-tree': [ '0.4.2', '0.5.0' ],
52 silly audit   '@chainsafe/ssz': [ '0.9.4', '0.10.2' ],
52 silly audit   '@cspotcode/source-map-support': [ '0.8.1' ],
52 silly audit   '@ethereumjs/common': [ '2.6.5', '2.5.0' ],
52 silly audit   '@ethereumjs/tx': [ '3.5.2', '3.3.2' ],
52 silly audit   '@ethersproject/abi': [ '5.7.0' ],
52 silly audit   '@ethersproject/abstract-provider': [ '5.7.0' ],
52 silly audit   '@ethersproject/abstract-signer': [ '5.7.0' ],
52 silly audit   '@ethersproject/address': [ '5.7.0' ],
52 silly audit   '@ethersproject/base64': [ '5.7.0' ],
52 silly audit   '@ethersproject/basex': [ '5.7.0' ],
52 silly audit   '@ethersproject/bignumber': [ '5.7.0' ],
52 silly audit   '@ethersproject/bytes': [ '5.7.0' ],
52 silly audit   '@ethersproject/constants': [ '5.7.0' ],
52 silly audit   '@ethersproject/contracts': [ '5.7.0' ],
52 silly audit   '@ethersproject/hash': [ '5.7.0' ],
52 silly audit   '@ethersproject/hdnode': [ '5.7.0' ],
52 silly audit   '@ethersproject/json-wallets': [ '5.7.0' ],
52 silly audit   '@ethersproject/keccak256': [ '5.7.0' ],
52 silly audit   '@ethersproject/logger': [ '5.7.0' ],
52 silly audit   '@ethersproject/networks': [ '5.7.1' ],
52 silly audit   '@ethersproject/pbkdf2': [ '5.7.0' ],
52 silly audit   '@ethersproject/properties': [ '5.7.0' ],
52 silly audit   '@ethersproject/providers': [ '5.7.2' ],
52 silly audit   '@ethersproject/random': [ '5.7.0' ],
52 silly audit   '@ethersproject/rlp': [ '5.7.0' ],
52 silly audit   '@ethersproject/sha2': [ '5.7.0' ],
52 silly audit   '@ethersproject/signing-key': [ '5.7.0' ],
52 silly audit   '@ethersproject/solidity': [ '5.7.0' ],
52 silly audit   '@ethersproject/strings': [ '5.7.0' ],
52 silly audit   '@ethersproject/transactions': [ '5.7.0' ],
52 silly audit   '@ethersproject/units': [ '5.7.0' ],
52 silly audit   '@ethersproject/wallet': [ '5.7.0' ],
52 silly audit   '@ethersproject/web': [ '5.7.1' ],
52 silly audit   '@ethersproject/wordlists': [ '5.7.0' ],
52 silly audit   '@jridgewell/resolve-uri': [ '3.1.1' ],
52 silly audit   '@jridgewell/sourcemap-codec': [ '1.4.15' ],
52 silly audit   '@jridgewell/trace-mapping': [ '0.3.9' ],
52 silly audit   '@metamask/eth-sig-util': [ '4.0.1' ],
52 silly audit   '@types/bn.js': [ '4.11.6', '5.1.1' ],
52 silly audit   'bn.js': [ '4.12.0', '5.2.1', '4.11.6' ],
52 silly audit   'ethereumjs-util': [ '6.2.1', '7.1.5' ],
52 silly audit   '@noble/hashes': [ '1.2.0' ],
52 silly audit   '@noble/secp256k1': [ '1.7.1' ],
52 silly audit   '@nodelib/fs.scandir': [ '2.1.5' ],
52 silly audit   '@nodelib/fs.stat': [ '2.0.5' ],
52 silly audit   '@nodelib/fs.walk': [ '1.2.8' ],
52 silly audit   '@nomicfoundation/ethereumjs-block': [ '5.0.1' ],
52 silly audit   '@nomicfoundation/ethereumjs-blockchain': [ '7.0.1' ],
52 silly audit   '@nomicfoundation/ethereumjs-common': [ '4.0.1' ],
52 silly audit   '@nomicfoundation/ethereumjs-ethash': [ '3.0.1' ],
52 silly audit   '@nomicfoundation/ethereumjs-evm': [ '2.0.1' ],
52 silly audit   '@nomicfoundation/ethereumjs-rlp': [ '5.0.1' ],
52 silly audit   '@nomicfoundation/ethereumjs-statemanager': [ '2.0.1' ],
52 silly audit   '@nomicfoundation/ethereumjs-trie': [ '6.0.1' ],
52 silly audit   '@nomicfoundation/ethereumjs-tx': [ '5.0.1' ],
52 silly audit   '@nomicfoundation/ethereumjs-util': [ '9.0.1' ],
52 silly audit   '@nomicfoundation/ethereumjs-vm': [ '7.0.1' ],
52 silly audit   '@nomicfoundation/hardhat-chai-matchers': [ '1.0.6' ],
52 silly audit   '@nomicfoundation/hardhat-network-helpers': [ '1.0.8' ],
52 silly audit   '@nomicfoundation/hardhat-toolbox': [ '1.0.2' ],
52 silly audit   '@nomicfoundation/solidity-analyzer': [ '0.1.1' ],
52 silly audit   '@nomicfoundation/solidity-analyzer-darwin-arm64': [ '0.1.1' ],
52 silly audit   '@nomicfoundation/solidity-analyzer-darwin-x64': [ '0.1.1' ],
52 silly audit   '@nomicfoundation/solidity-analyzer-freebsd-x64': [ '0.1.1' ],
52 silly audit   '@nomicfoundation/solidity-analyzer-linux-arm64-gnu': [ '0.1.1' ],
52 silly audit   '@nomicfoundation/solidity-analyzer-linux-arm64-musl': [ '0.1.1' ],
52 silly audit   '@nomicfoundation/solidity-analyzer-linux-x64-gnu': [ '0.1.1' ],
52 silly audit   '@nomicfoundation/solidity-analyzer-linux-x64-musl': [ '0.1.1' ],
52 silly audit   '@nomicfoundation/solidity-analyzer-win32-arm64-msvc': [ '0.1.1' ],
52 silly audit   '@nomicfoundation/solidity-analyzer-win32-ia32-msvc': [ '0.1.1' ],
52 silly audit   '@nomicfoundation/solidity-analyzer-win32-x64-msvc': [ '0.1.1' ],
52 silly audit   '@nomiclabs/hardhat-ethers': [ '2.2.3' ],
52 silly audit   '@nomiclabs/hardhat-etherscan': [ '3.1.7' ],
52 silly audit   '@scure/base': [ '1.1.1' ],
52 silly audit   '@scure/bip32': [ '1.1.5' ],
52 silly audit   '@scure/bip39': [ '1.1.1' ],
52 silly audit   '@sentry/core': [ '5.30.0' ],
52 silly audit   '@sentry/hub': [ '5.30.0' ],
52 silly audit   '@sentry/minimal': [ '5.30.0' ],
52 silly audit   '@sentry/node': [ '5.30.0' ],
52 silly audit   '@sentry/tracing': [ '5.30.0' ],
52 silly audit   '@sentry/types': [ '5.30.0' ],
52 silly audit   '@sentry/utils': [ '5.30.0' ],
52 silly audit   '@sindresorhus/is': [ '0.14.0', '4.6.0' ],
52 silly audit   '@solidity-parser/parser': [ '0.14.5', '0.16.1' ],
52 silly audit   '@szmarczak/http-timer': [ '1.1.2', '5.0.1', '4.0.6' ],
52 silly audit   '@truffle/error': [ '0.1.1' ],
52 silly audit   '@truffle/interface-adapter': [ '0.5.35' ],
52 silly audit   '@types/node': [ '12.20.55', '20.4.8', '10.17.60', '8.10.66' ],
52 silly audit   'cacheable-request': [ '7.0.4', '6.1.0' ],
52 silly audit   'get-stream': [ '5.2.0', '6.0.1', '4.1.0' ],
52 silly audit   'lowercase-keys': [ '2.0.0', '3.0.0', '1.0.1' ],
52 silly audit   'decompress-response': [ '6.0.0', '3.3.0' ],
52 silly audit   'defer-to-connect': [ '2.0.1', '1.1.3' ],
52 silly audit   'eth-lib': [ '0.2.8', '0.1.29' ],
52 silly audit   ethers: [ '4.0.49', '5.7.2' ],
52 silly audit   got: [ '12.1.0', '9.6.0', '11.8.6' ],
52 silly audit   'hash.js': [ '1.1.3', '1.1.7' ],
52 silly audit   'js-sha3': [ '0.5.7', '0.8.0' ],
52 silly audit   'json-buffer': [ '3.0.1', '3.0.0' ],
52 silly audit   keyv: [ '4.5.3', '3.1.0' ],
52 silly audit   'mimic-response': [ '3.1.0', '1.0.1' ],
52 silly audit   'normalize-url': [ '6.1.0', '4.5.1' ],
52 silly audit   'p-cancelable': [ '3.0.0', '1.1.0', '2.1.1' ],
52 silly audit   responselike: [ '2.0.1', '1.0.2' ],
52 silly audit   'scrypt-js': [ '2.0.4', '3.0.1' ],
52 silly audit   setimmediate: [ '1.0.4', '1.0.5' ],
52 silly audit   uuid: [ '2.0.1', '9.0.0', '3.4.0', '8.3.2', '3.3.2' ],
52 silly audit   web3: [ '1.10.0', '1.7.4' ],
52 silly audit   'web3-bzz': [ '1.10.0', '1.7.4' ],
52 silly audit   'web3-core': [ '1.10.0', '1.7.4' ],
52 silly audit   'web3-core-helpers': [ '1.10.0', '1.7.4' ],
52 silly audit   'web3-core-method': [ '1.10.0', '1.7.4' ],
52 silly audit   'web3-core-promievent': [ '1.10.0', '1.7.4' ],
52 silly audit   'web3-core-requestmanager': [ '1.10.0', '1.7.4' ],
52 silly audit   'web3-core-subscriptions': [ '1.10.0', '1.7.4' ],
52 silly audit   'web3-eth': [ '1.10.0', '1.7.4' ],
52 silly audit   'web3-eth-abi': [ '1.10.0', '1.7.4' ],
52 silly audit   'web3-eth-accounts': [ '1.10.0', '1.7.4' ],
52 silly audit   'web3-eth-contract': [ '1.10.0', '1.7.4' ],
52 silly audit   'web3-eth-ens': [ '1.10.0', '1.7.4' ],
52 silly audit   'web3-eth-iban': [ '1.10.0', '1.7.4' ],
52 silly audit   'web3-eth-personal': [ '1.10.0', '1.7.4' ],
52 silly audit   'web3-net': [ '1.10.0', '1.7.4' ],
52 silly audit   'web3-providers-http': [ '1.10.0', '1.7.4' ],
52 silly audit   'web3-providers-ipc': [ '1.10.0', '1.7.4' ],
52 silly audit   'web3-providers-ws': [ '1.10.0', '1.7.4' ],
52 silly audit   'web3-shh': [ '1.10.0', '1.7.4' ],
52 silly audit   '@truffle/provider': [ '0.2.64' ],
52 silly audit   '@tsconfig/node10': [ '1.0.9' ],
52 silly audit   '@tsconfig/node12': [ '1.0.11' ],
52 silly audit   '@tsconfig/node14': [ '1.0.3' ],
52 silly audit   '@tsconfig/node16': [ '1.0.4' ],
52 silly audit   '@typechain/ethers-v5': [ '10.2.1' ],
52 silly audit   '@typechain/hardhat': [ '6.1.6' ],
52 silly audit   'fs-extra': [ '9.1.0', '7.0.1', '0.30.0', '8.1.0', '4.0.3' ],
52 silly audit   jsonfile: [ '6.1.0', '4.0.0', '2.4.0' ],
52 silly audit   universalify: [ '2.0.0', '0.1.2' ],
52 silly audit   '@types/cacheable-request': [ '6.0.3' ],
52 silly audit   '@types/chai': [ '4.3.5' ],
52 silly audit   '@types/chai-as-promised': [ '7.1.5' ],
52 silly audit   '@types/concat-stream': [ '1.6.1' ],
52 silly audit   '@types/form-data': [ '0.0.33' ],
52 silly audit   '@types/glob': [ '7.2.0' ],
52 silly audit   '@types/http-cache-semantics': [ '4.0.1' ],
52 silly audit   '@types/keyv': [ '3.1.4' ],
52 silly audit   '@types/lru-cache': [ '5.1.1' ],
52 silly audit   '@types/minimatch': [ '5.1.2' ],
52 silly audit   '@types/mocha': [ '9.1.1' ],
52 silly audit   '@types/pbkdf2': [ '3.1.0' ],
52 silly audit   '@types/prettier': [ '2.7.3' ],
52 silly audit   '@types/qs': [ '6.9.7' ],
52 silly audit   '@types/readable-stream': [ '2.3.15' ],
52 silly audit   'safe-buffer': [ '5.1.2', '5.2.1' ],
52 silly audit   '@types/responselike': [ '1.0.0' ],
52 silly audit   '@types/secp256k1': [ '4.0.3' ],
52 silly audit   abbrev: [ '1.0.9' ],
52 silly audit   'abortcontroller-polyfill': [ '1.7.5' ],
52 silly audit   'abstract-level': [ '1.0.3' ],
52 silly audit   accepts: [ '1.3.8' ],
52 silly audit   acorn: [ '8.10.0' ],
52 silly audit   'acorn-walk': [ '8.2.0' ],
52 silly audit   address: [ '1.2.2' ],
52 silly audit   'adm-zip': [ '0.4.16' ],
52 silly audit   'aes-js': [ '3.0.0' ],
52 silly audit   'agent-base': [ '6.0.2' ],
52 silly audit   'aggregate-error': [ '3.1.0' ],
52 silly audit   ajv: [ '6.12.6', '8.12.0' ],
52 silly audit   amdefine: [ '1.0.1' ],
52 silly audit   'ansi-colors': [ '4.1.3', '3.2.3', '4.1.1' ],
52 silly audit   'ansi-escapes': [ '4.3.2' ],
52 silly audit   'ansi-regex': [ '5.0.1', '4.1.1', '3.0.1' ],
52 silly audit   'ansi-styles': [ '3.2.1', '4.3.0' ],
52 silly audit   antlr4ts: [ '0.5.0-alpha.4' ],
52 silly audit   anymatch: [ '3.1.3' ],
52 silly audit   arg: [ '4.1.3' ],
52 silly audit   argparse: [ '2.0.1', '1.0.10' ],
52 silly audit   'array-back': [ '3.1.0', '4.0.2' ],
52 silly audit   'array-buffer-byte-length': [ '1.0.0' ],
52 silly audit   'array-flatten': [ '1.1.1' ],
52 silly audit   'array-union': [ '2.1.0' ],
52 silly audit   'array-uniq': [ '1.0.3' ],
52 silly audit   'array.prototype.reduce': [ '1.0.5' ],
52 silly audit   'arraybuffer.prototype.slice': [ '1.0.1' ],
52 silly audit   asap: [ '2.0.6' ],
52 silly audit   asn1: [ '0.2.6' ],
52 silly audit   'asn1.js': [ '5.4.1' ],
52 silly audit   'assert-plus': [ '1.0.0' ],
52 silly audit   'assertion-error': [ '1.1.0' ],
52 silly audit   'astral-regex': [ '2.0.0' ],
52 silly audit   async: [ '1.5.2' ],
52 silly audit   'async-limiter': [ '1.0.1' ],
52 silly audit   asynckit: [ '0.4.0' ],
52 silly audit   'at-least-node': [ '1.0.0' ],
52 silly audit   'available-typed-arrays': [ '1.0.5' ],
52 silly audit   'aws-sign2': [ '0.7.0' ],
52 silly audit   aws4: [ '1.12.0' ],
52 silly audit   'balanced-match': [ '1.0.2' ],
52 silly audit   'base-x': [ '3.0.9' ],
52 silly audit   'base64-js': [ '1.5.1' ],
52 silly audit   'bcrypt-pbkdf': [ '1.0.2' ],
52 silly audit   tweetnacl: [ '0.14.5', '1.0.3' ],
52 silly audit   bech32: [ '1.1.4' ],
52 silly audit   'bigint-crypto-utils': [ '3.3.0' ],
52 silly audit   'bignumber.js': [ '9.1.1' ],
52 silly audit   'binary-extensions': [ '2.2.0' ],
52 silly audit   blakejs: [ '1.2.1' ],
52 silly audit   bluebird: [ '3.7.2' ],
52 silly audit   'body-parser': [ '1.20.2', '1.20.1' ],
52 silly audit   debug: [ '2.6.9', '4.3.4', '3.2.6' ],
52 silly audit   ms: [ '2.0.0', '2.1.1', '2.1.3', '2.1.2' ],
52 silly audit   qs: [ '6.11.0', '6.5.3' ],
52 silly audit   'brace-expansion': [ '1.1.11', '2.0.1' ],
52 silly audit   braces: [ '3.0.2' ],
52 silly audit   brorand: [ '1.1.0' ],
52 silly audit   'browser-level': [ '1.0.1' ],
52 silly audit   'browser-stdout': [ '1.3.1' ],
52 silly audit   'browserify-aes': [ '1.2.0' ],
52 silly audit   'browserify-cipher': [ '1.0.1' ],
52 silly audit   'browserify-des': [ '1.0.2' ],
52 silly audit   'browserify-rsa': [ '4.1.0' ],
52 silly audit   'browserify-sign': [ '4.2.1' ],
52 silly audit   bs58: [ '4.0.1' ],
52 silly audit   bs58check: [ '2.1.2' ],
52 silly audit   buffer: [ '6.0.3', '5.7.1' ],
52 silly audit   'buffer-from': [ '1.1.2' ],
52 silly audit   'buffer-to-arraybuffer': [ '0.0.5' ],
52 silly audit   'buffer-xor': [ '1.0.3' ],
52 silly audit   bufferutil: [ '4.0.7' ],
52 silly audit   busboy: [ '1.6.0' ],
52 silly audit   bytes: [ '3.1.2' ],
52 silly audit   'cacheable-lookup': [ '6.1.0', '5.0.4' ],
52 silly audit   'call-bind': [ '1.0.2' ],
52 silly audit   camelcase: [ '6.3.0', '5.3.1' ],
52 silly audit   case: [ '1.6.3' ],
52 silly audit   caseless: [ '0.12.0' ],
52 silly audit   catering: [ '2.1.1' ],
52 silly audit   cbor: [ '8.1.0' ],
52 silly audit   chai: [ '4.3.7' ],
52 silly audit   'chai-as-promised': [ '7.1.1' ],
52 silly audit   chalk: [ '2.4.2', '4.1.2' ],
52 silly audit   charenc: [ '0.0.2' ],
52 silly audit   'check-error': [ '1.0.2' ],
52 silly audit   chokidar: [ '3.5.3', '3.3.0' ],
52 silly audit   chownr: [ '1.1.4' ],
52 silly audit   'ci-info': [ '2.0.0' ],
52 silly audit   cids: [ '0.7.5' ],
52 silly audit   multicodec: [ '1.0.4', '0.5.7' ],
52 silly audit   'cipher-base': [ '1.0.4' ],
52 silly audit   'class-is': [ '1.1.0' ],
52 silly audit   'classic-level': [ '1.3.0' ],
52 silly audit   'clean-stack': [ '2.2.0' ],
52 silly audit   'cli-table3': [ '0.5.1' ],
52 silly audit   cliui: [ '7.0.4', '5.0.0' ],
52 silly audit   'is-fullwidth-code-point': [ '3.0.0', '2.0.0' ],
52 silly audit   'string-width': [ '4.2.3', '3.1.0', '2.1.1' ],
52 silly audit   'clone-response': [ '1.0.3' ],
52 silly audit   'color-convert': [ '1.9.3', '2.0.1' ],
52 silly audit   'color-name': [ '1.1.3', '1.1.4' ],
52 silly audit   colors: [ '1.4.0' ],
52 silly audit   'combined-stream': [ '1.0.8' ],
52 silly audit   'command-exists': [ '1.2.9' ],
52 silly audit   'command-line-args': [ '5.2.1' ],
52 silly audit   'command-line-usage': [ '6.1.3' ],
52 silly audit   typical: [ '5.2.0', '4.0.0' ],
52 silly audit   commander: [ '3.0.2' ],
52 silly audit   'concat-map': [ '0.0.1' ],
52 silly audit   'concat-stream': [ '1.6.2' ],
52 silly audit   'readable-stream': [ '2.3.8', '3.6.2' ],
52 silly audit   string_decoder: [ '1.1.1', '1.3.0' ],
52 silly audit   'content-disposition': [ '0.5.4' ],
52 silly audit   'content-hash': [ '2.5.2' ],
52 silly audit   'content-type': [ '1.0.5' ],
52 silly audit   cookie: [ '0.4.2', '0.5.0' ],
52 silly audit   'cookie-signature': [ '1.0.6' ],
52 silly audit   cookiejar: [ '2.1.4' ],
52 silly audit   'core-util-is': [ '1.0.2' ],
52 silly audit   cors: [ '2.8.5' ],
52 silly audit   'crc-32': [ '1.2.2' ],
52 silly audit   'create-ecdh': [ '4.0.4' ],
52 silly audit   'create-hash': [ '1.2.0' ],
52 silly audit   'create-hmac': [ '1.1.7' ],
52 silly audit   'create-require': [ '1.1.1' ],
52 silly audit   'cross-fetch': [ '3.1.8' ],
52 silly audit   crypt: [ '0.0.2' ],
52 silly audit   'crypto-browserify': [ '3.12.0' ],
52 silly audit   d: [ '1.0.1' ],
52 silly audit   dashdash: [ '1.14.1' ],
52 silly audit   death: [ '1.1.0' ],
52 silly audit   decamelize: [ '4.0.0', '1.2.0' ],
52 silly audit   'decode-uri-component': [ '0.2.2' ],
52 silly audit   'deep-eql': [ '4.1.3' ],
52 silly audit   'deep-extend': [ '0.6.0' ],
52 silly audit   'deep-is': [ '0.1.4' ],
52 silly audit   'define-properties': [ '1.2.0' ],
52 silly audit   'delayed-stream': [ '1.0.0' ],
52 silly audit   depd: [ '2.0.0' ],
52 silly audit   'des.js': [ '1.1.0' ],
52 silly audit   destroy: [ '1.2.0' ],
52 silly audit   'detect-port': [ '1.5.1' ],
52 silly audit   diff: [ '5.0.0', '3.5.0', '4.0.2' ],
52 silly audit   'diffie-hellman': [ '5.0.3' ],
52 silly audit   'dir-glob': [ '3.0.1' ],
52 silly audit   'dom-walk': [ '0.1.2' ],
52 silly audit   duplexer3: [ '0.1.5' ],
52 silly audit   'ecc-jsbn': [ '0.1.2' ],
52 silly audit   'ee-first': [ '1.1.1' ],
52 silly audit   elliptic: [ '6.5.4' ],
52 silly audit   'emoji-regex': [ '8.0.0', '7.0.3' ],
52 silly audit   encodeurl: [ '1.0.2' ],
52 silly audit   'end-of-stream': [ '1.4.4' ],
52 silly audit   enquirer: [ '2.4.1' ],
52 silly audit   'env-paths': [ '2.2.1' ],
52 silly audit   'es-abstract': [ '1.22.1' ],
52 silly audit   'object.assign': [ '4.1.4', '4.1.0' ],
52 silly audit   'es-array-method-boxes-properly': [ '1.0.0' ],
52 silly audit   'es-set-tostringtag': [ '2.0.1' ],
52 silly audit   'es-to-primitive': [ '1.2.1' ],
52 silly audit   'es5-ext': [ '0.10.62' ],
52 silly audit   'es6-iterator': [ '2.0.3' ],
52 silly audit   'es6-promise': [ '4.2.8' ],
52 silly audit   'es6-symbol': [ '3.1.3' ],
52 silly audit   escalade: [ '3.1.1' ],
52 silly audit   'escape-html': [ '1.0.3' ],
52 silly audit   'escape-string-regexp': [ '1.0.5', '4.0.0' ],
52 silly audit   escodegen: [ '1.8.1' ],
52 silly audit   esprima: [ '2.7.3', '4.0.1' ],
52 silly audit   estraverse: [ '1.9.3' ],
52 silly audit   esutils: [ '2.0.3' ],
52 silly audit   etag: [ '1.8.1' ],
52 silly audit   'eth-ens-namehash': [ '2.0.8' ],
52 silly audit   'eth-gas-reporter': [ '0.2.25' ],
52 silly audit   'ethereum-cryptography': [ '1.2.0', '0.1.3' ],
52 silly audit   'find-up': [ '3.0.0', '2.1.0', '5.0.0' ],
52 silly audit   flat: [ '4.1.1', '5.0.2' ],
52 silly audit   fsevents: [ '2.1.3', '2.3.2' ],
52 silly audit   glob: [ '7.1.3', '7.2.0', '5.0.15', '7.1.7' ],
52 silly audit   'js-yaml': [ '3.13.1', '4.1.0', '3.14.1' ],
52 silly audit   'locate-path': [ '3.0.0', '2.0.0', '6.0.0' ],
52 silly audit   'log-symbols': [ '3.0.0', '4.1.0' ],
52 silly audit   minimatch: [ '3.0.4', '3.1.2', '5.0.1' ],
52 silly audit   mkdirp: [ '0.5.5', '0.5.6', '1.0.4' ],
52 silly audit   mocha: [ '7.2.0', '10.2.0' ],
52 silly audit   'p-limit': [ '2.3.0', '3.1.0', '1.3.0' ],
52 silly audit   'p-locate': [ '3.0.0', '5.0.0', '2.0.0' ],
52 silly audit   'p-try': [ '2.2.0', '1.0.0' ],
52 silly audit   readdirp: [ '3.2.0', '3.6.0' ],
52 silly audit   'strip-ansi': [ '5.2.0', '4.0.0', '6.0.1' ],
52 silly audit   'strip-json-comments': [ '2.0.1', '3.1.1' ],
52 silly audit   'supports-color': [ '6.0.0', '7.2.0', '8.1.1', '3.2.3', '5.5.0' ],
52 silly audit   'wrap-ansi': [ '5.1.0', '7.0.0' ],
52 silly audit   y18n: [ '4.0.3', '5.0.8' ],
52 silly audit   yargs: [ '13.3.2', '16.2.0' ],
52 silly audit   'yargs-parser': [ '13.1.2', '20.2.4' ],
52 silly audit   'yargs-unparser': [ '1.6.0', '2.0.0' ],
52 silly audit   ws: [ '3.3.3', '7.4.6' ],
52 silly audit   'ethereum-bloom-filters': [ '1.0.10' ],
52 silly audit   'ethereumjs-abi': [ '0.6.8' ],
52 silly audit   'ethjs-unit': [ '0.1.6' ],
52 silly audit   'ethjs-util': [ '0.1.6' ],
52 silly audit   eventemitter3: [ '4.0.4' ],
52 silly audit   evp_bytestokey: [ '1.0.3' ],
52 silly audit   express: [ '4.18.2' ],
52 silly audit   'raw-body': [ '2.5.1', '2.5.2' ],
52 silly audit   ext: [ '1.7.0' ],
52 silly audit   type: [ '2.7.2', '1.2.0' ],
52 silly audit   extend: [ '3.0.2' ],
52 silly audit   extsprintf: [ '1.3.0' ],
52 silly audit   'fast-deep-equal': [ '3.1.3' ],
52 silly audit   'fast-glob': [ '3.3.1' ],
52 silly audit   'fast-json-stable-stringify': [ '2.1.0' ],
52 silly audit   'fast-levenshtein': [ '2.0.6' ],
52 silly audit   fastq: [ '1.15.0' ],
52 silly audit   'fill-range': [ '7.0.1' ],
52 silly audit   finalhandler: [ '1.2.0' ],
52 silly audit   'find-replace': [ '3.0.0' ],
52 silly audit   'follow-redirects': [ '1.15.2' ],
52 silly audit   'for-each': [ '0.3.3' ],
52 silly audit   'forever-agent': [ '0.6.1' ],
52 silly audit   'form-data': [ '2.3.3' ],
52 silly audit   'form-data-encoder': [ '1.7.1' ],
52 silly audit   forwarded: [ '0.2.0' ],
52 silly audit   'fp-ts': [ '1.19.3' ],
52 silly audit   fresh: [ '0.5.2' ],
52 silly audit   'fs-minipass': [ '1.2.7' ],
52 silly audit   'fs-readdir-recursive': [ '1.1.0' ],
52 silly audit   'fs.realpath': [ '1.0.0' ],
52 silly audit   'function-bind': [ '1.1.1' ],
52 silly audit   'function.prototype.name': [ '1.1.5' ],
52 silly audit   'functional-red-black-tree': [ '1.0.1' ],
52 silly audit   'functions-have-names': [ '1.2.3' ],
52 silly audit   'get-caller-file': [ '2.0.5' ],
52 silly audit   'get-func-name': [ '2.0.0' ],
52 silly audit   'get-intrinsic': [ '1.2.1' ],
52 silly audit   'get-port': [ '3.2.0' ],
52 silly audit   'get-symbol-description': [ '1.0.0' ],
52 silly audit   getpass: [ '0.1.7' ],
52 silly audit   'ghost-testrpc': [ '0.0.2' ],
52 silly audit   'glob-parent': [ '5.1.2' ],
52 silly audit   global: [ '4.4.0' ],
52 silly audit   'global-modules': [ '2.0.0' ],
52 silly audit   'global-prefix': [ '3.0.0' ],
52 silly audit   globalthis: [ '1.0.3' ],
52 silly audit   globby: [ '10.0.2' ],
52 silly audit   gopd: [ '1.0.1' ],
52 silly audit   'graceful-fs': [ '4.2.11' ],
52 silly audit   growl: [ '1.10.5' ],
52 silly audit   handlebars: [ '4.7.8' ],
52 silly audit   'source-map': [ '0.6.1', '0.2.0' ],
52 silly audit   'har-schema': [ '2.0.0' ],
52 silly audit   'har-validator': [ '5.1.5' ],
52 silly audit   hardhat: [ '2.17.1' ],
52 silly audit   'hardhat-gas-reporter': [ '1.0.9' ],
52 silly audit   has: [ '1.0.3' ],
52 silly audit   'has-bigints': [ '1.0.2' ],
52 silly audit   'has-flag': [ '3.0.0', '4.0.0', '1.0.0' ],
52 silly audit   'has-property-descriptors': [ '1.0.0' ],
52 silly audit   'has-proto': [ '1.0.1' ],
52 silly audit   'has-symbols': [ '1.0.3' ],
52 silly audit   'has-tostringtag': [ '1.0.0' ],
52 silly audit   'hash-base': [ '3.1.0' ],
52 silly audit   he: [ '1.2.0' ],
52 silly audit   'hmac-drbg': [ '1.0.1' ],
52 silly audit   'http-basic': [ '8.1.3' ],
52 silly audit   'http-cache-semantics': [ '4.1.1' ],
52 silly audit   'http-errors': [ '2.0.0' ],
52 silly audit   'http-https': [ '1.0.0' ],
52 silly audit   'http-response-object': [ '3.0.2' ],
52 silly audit   'http-signature': [ '1.2.0' ],
52 silly audit   'http2-wrapper': [ '2.2.0', '1.0.3' ],
52 silly audit   'https-proxy-agent': [ '5.0.1' ],
52 silly audit   'iconv-lite': [ '0.4.24' ],
52 silly audit   'idna-uts46-hx': [ '2.3.1' ],
52 silly audit   punycode: [ '2.1.0', '2.3.0' ],
52 silly audit   ieee754: [ '1.2.1' ],
52 silly audit   ignore: [ '5.2.4' ],
52 silly audit   immutable: [ '4.3.2' ],
52 silly audit   'indent-string': [ '4.0.0' ],
52 silly audit   inflight: [ '1.0.6' ],
52 silly audit   inherits: [ '2.0.4' ],
52 silly audit   ini: [ '1.3.8' ],
52 silly audit   'internal-slot': [ '1.0.5' ],
52 silly audit   interpret: [ '1.4.0' ],
52 silly audit   'io-ts': [ '1.10.4' ],
52 silly audit   'ipaddr.js': [ '1.9.1' ],
52 silly audit   'is-arguments': [ '1.1.1' ],
52 silly audit   'is-array-buffer': [ '3.0.2' ],
52 silly audit   'is-bigint': [ '1.0.4' ],
52 silly audit   'is-binary-path': [ '2.1.0' ],
52 silly audit   'is-boolean-object': [ '1.1.2' ],
52 silly audit   'is-buffer': [ '2.0.5' ],
52 silly audit   'is-callable': [ '1.2.7' ],
52 silly audit   'is-date-object': [ '1.0.5' ],
52 silly audit   'is-extglob': [ '2.1.1' ],
52 silly audit   'is-function': [ '1.0.2' ],
52 silly audit   'is-generator-function': [ '1.0.10' ],
52 silly audit   'is-glob': [ '4.0.3' ],
52 silly audit   'is-hex-prefixed': [ '1.0.0' ],
52 silly audit   'is-negative-zero': [ '2.0.2' ],
52 silly audit   'is-number': [ '7.0.0' ],
52 silly audit   'is-number-object': [ '1.0.7' ],
52 silly audit   'is-plain-obj': [ '2.1.0' ],
52 silly audit   'is-regex': [ '1.1.4' ],
52 silly audit   'is-shared-array-buffer': [ '1.0.2' ],
52 silly audit   'is-string': [ '1.0.7' ],
52 silly audit   'is-symbol': [ '1.0.4' ],
52 silly audit   'is-typed-array': [ '1.1.12' ],
52 silly audit   'is-typedarray': [ '1.0.0' ],
52 silly audit   'is-unicode-supported': [ '0.1.0' ],
52 silly audit   'is-weakref': [ '1.0.2' ],
52 silly audit   isarray: [ '1.0.0', '2.0.5' ],
52 silly audit   isexe: [ '2.0.0' ],
52 silly audit   isstream: [ '0.1.2' ],
52 silly audit   'js-sdsl': [ '4.4.2' ],
52 silly audit   jsbn: [ '0.1.1' ],
52 silly audit   'json-schema': [ '0.4.0' ],
52 silly audit   'json-schema-traverse': [ '0.4.1', '1.0.0' ],
52 silly audit   'json-stringify-safe': [ '5.0.1' ],
52 silly audit   jsonschema: [ '1.4.1' ],
52 silly audit   jsprim: [ '1.4.2' ],
52 silly audit   keccak: [ '3.0.3' ],
52 silly audit   'kind-of': [ '6.0.3' ],
52 silly audit   klaw: [ '1.3.1' ],
52 silly audit   level: [ '8.0.0' ],
52 silly audit   'level-supports': [ '4.0.1' ],
52 silly audit   'level-transcoder': [ '1.0.1' ],
52 silly audit   levn: [ '0.3.0' ],
52 silly audit   lodash: [ '4.17.21' ],
52 silly audit   'lodash.camelcase': [ '4.3.0' ],
52 silly audit   'lodash.truncate': [ '4.4.2' ],
52 silly audit   loupe: [ '2.3.6' ],
52 silly audit   lru_map: [ '0.3.3' ],
52 silly audit   'lru-cache': [ '5.1.1', '6.0.0' ],
52 silly audit   'make-error': [ '1.3.6' ],
52 silly audit   'markdown-table': [ '1.1.3' ],
52 silly audit   'mcl-wasm': [ '0.7.9' ],
52 silly audit   'md5.js': [ '1.3.5' ],
52 silly audit   'media-typer': [ '0.3.0' ],
52 silly audit   'memory-level': [ '1.0.0' ],
52 silly audit   memorystream: [ '0.3.1' ],
52 silly audit   'merge-descriptors': [ '1.0.1' ],
52 silly audit   merge2: [ '1.4.1' ],
52 silly audit   methods: [ '1.1.2' ],
52 silly audit   micromatch: [ '4.0.5' ],
52 silly audit   'miller-rabin': [ '4.0.1' ],
52 silly audit   mime: [ '1.6.0' ],
52 silly audit   'mime-db': [ '1.52.0' ],
52 silly audit   'mime-types': [ '2.1.35' ],
52 silly audit   'min-document': [ '2.19.0' ],
52 silly audit   'minimalistic-assert': [ '1.0.1' ],
52 silly audit   'minimalistic-crypto-utils': [ '1.0.1' ],
52 silly audit   minimist: [ '1.2.8' ],
52 silly audit   minipass: [ '2.9.0' ],
52 silly audit   minizlib: [ '1.3.3' ],
52 silly audit   'mkdirp-promise': [ '5.0.1' ],
52 silly audit   mnemonist: [ '0.38.5' ],
52 silly audit   'path-exists': [ '4.0.0', '3.0.0' ],
52 silly audit   'mock-fs': [ '4.14.0' ],
52 silly audit   'module-error': [ '1.0.2' ],
52 silly audit   multibase: [ '0.6.1', '0.7.0' ],
52 silly audit   multihashes: [ '0.4.21' ],
52 silly audit   'nano-json-stream-parser': [ '0.1.2' ],
52 silly audit   nanoid: [ '3.3.3' ],
52 silly audit   'napi-macros': [ '2.2.2' ],
52 silly audit   negotiator: [ '0.6.3' ],
52 silly audit   'neo-async': [ '2.6.2' ],
52 silly audit   'next-tick': [ '1.1.0' ],
52 silly audit   'node-addon-api': [ '2.0.2' ],
52 silly audit   'node-emoji': [ '1.11.0' ],
52 silly audit   'node-environment-flags': [ '1.0.6' ],
52 silly audit   semver: [ '5.7.2', '7.5.4', '6.3.1' ],
52 silly audit   'node-fetch': [ '2.6.12' ],
52 silly audit   'node-gyp-build': [ '4.6.0' ],
52 silly audit   nofilter: [ '3.1.0' ],
52 silly audit   nopt: [ '3.0.6' ],
52 silly audit   'normalize-path': [ '3.0.0' ],
52 silly audit   'number-to-bn': [ '1.7.0' ],
52 silly audit   'oauth-sign': [ '0.9.0' ],
52 silly audit   'object-assign': [ '4.1.1' ],
52 silly audit   'object-inspect': [ '1.12.3' ],
52 silly audit   'object-keys': [ '1.1.1' ],
52 silly audit   'object.getownpropertydescriptors': [ '2.1.6' ],
52 silly audit   obliterator: [ '2.0.4' ],
52 silly audit   oboe: [ '2.1.5' ],
52 silly audit   'on-finished': [ '2.4.1' ],
52 silly audit   once: [ '1.4.0' ],
52 silly audit   optionator: [ '0.8.3' ],
52 silly audit   ordinal: [ '1.0.3' ],
52 silly audit   'os-tmpdir': [ '1.0.2' ],
52 silly audit   'p-map': [ '4.0.0' ],
52 silly audit   'parse-asn1': [ '5.1.6' ],
52 silly audit   'parse-cache-control': [ '1.0.1' ],
52 silly audit   'parse-headers': [ '2.0.5' ],
52 silly audit   parseurl: [ '1.3.3' ],
52 silly audit   'path-is-absolute': [ '1.0.1' ],
52 silly audit   'path-parse': [ '1.0.7' ],
52 silly audit   'path-to-regexp': [ '0.1.7' ],
52 silly audit   'path-type': [ '4.0.0' ],
52 silly audit   pathval: [ '1.1.1' ],
52 silly audit   pbkdf2: [ '3.1.2' ],
52 silly audit   'performance-now': [ '2.1.0' ],
52 silly audit   picomatch: [ '2.3.1' ],
52 silly audit   pify: [ '4.0.1' ],
52 silly audit   'prelude-ls': [ '1.1.2' ],
52 silly audit   'prepend-http': [ '2.0.0' ],
52 silly audit   prettier: [ '3.0.1', '2.8.8' ],
52 silly audit   'prettier-plugin-solidity': [ '1.1.3' ],
52 silly audit   yallist: [ '4.0.0', '3.1.1' ],
52 silly audit   process: [ '0.11.10' ],
52 silly audit   'process-nextick-args': [ '2.0.1' ],
52 silly audit   promise: [ '8.3.0' ],
52 silly audit   'proxy-addr': [ '2.0.7' ],
52 silly audit   psl: [ '1.9.0' ],
52 silly audit   'public-encrypt': [ '4.0.3' ],
52 silly audit   pump: [ '3.0.0' ],
52 silly audit   'query-string': [ '5.1.1' ],
52 silly audit   'queue-microtask': [ '1.2.3' ],
52 silly audit   'quick-lru': [ '5.1.1' ],
52 silly audit   randombytes: [ '2.1.0' ],
52 silly audit   randomfill: [ '1.0.4' ],
52 silly audit   'range-parser': [ '1.2.1' ],
52 silly audit   rechoir: [ '0.6.2' ],
52 silly audit   'recursive-readdir': [ '2.2.3' ],
52 silly audit   'reduce-flatten': [ '2.0.0' ],
52 silly audit   'regexp.prototype.flags': [ '1.5.0' ],
52 silly audit   'req-cwd': [ '2.0.0' ],
52 silly audit   'req-from': [ '2.0.0' ],
52 silly audit   request: [ '2.88.2' ],
52 silly audit   'request-promise-core': [ '1.1.4' ],
52 silly audit   'request-promise-native': [ '1.0.9' ],
52 silly audit   'require-directory': [ '2.1.1' ],
52 silly audit   'require-from-string': [ '2.0.2' ],
52 silly audit   'require-main-filename': [ '2.0.0' ],
52 silly audit   resolve: [ '1.17.0', '1.1.7' ],
52 silly audit   'resolve-alpn': [ '1.2.1' ],
52 silly audit   'resolve-from': [ '3.0.0' ],
52 silly audit   reusify: [ '1.0.4' ],
52 silly audit   rimraf: [ '2.7.1' ],
52 silly audit   ripemd160: [ '2.0.2' ],
52 silly audit   rlp: [ '2.2.7' ],
52 silly audit   'run-parallel': [ '1.2.0' ],
52 silly audit   'run-parallel-limit': [ '1.1.0' ],
52 silly audit   'rustbn.js': [ '0.2.0' ],
52 silly audit   'safe-array-concat': [ '1.0.0' ],
52 silly audit   'safe-regex-test': [ '1.0.0' ],
52 silly audit   'safer-buffer': [ '2.1.2' ],
52 silly audit   'sc-istanbul': [ '0.4.6' ],
52 silly audit   secp256k1: [ '4.0.3' ],
52 silly audit   send: [ '0.18.0' ],
52 silly audit   'serialize-javascript': [ '6.0.0' ],
52 silly audit   'serve-static': [ '1.15.0' ],
52 silly audit   servify: [ '0.1.12' ],
52 silly audit   'set-blocking': [ '2.0.0' ],
52 silly audit   setprototypeof: [ '1.2.0' ],
52 silly audit   'sha.js': [ '2.4.11' ],
52 silly audit   sha1: [ '1.1.1' ],
52 silly audit   shelljs: [ '0.8.5' ],
52 silly audit   'side-channel': [ '1.0.4' ],
52 silly audit   'simple-concat': [ '1.0.1' ],
52 silly audit   'simple-get': [ '2.8.2' ],
52 silly audit   slash: [ '3.0.0' ],
52 silly audit   'slice-ansi': [ '4.0.0' ],
52 silly audit   solc: [ '0.7.3' ],
52 silly audit   'solidity-comments-extractor': [ '0.0.7' ],
52 silly audit   'solidity-coverage': [ '0.7.22' ],
52 silly audit   'source-map-support': [ '0.5.21' ],
52 silly audit   'sprintf-js': [ '1.0.3' ],
52 silly audit   sshpk: [ '1.17.0' ],
52 silly audit   'stacktrace-parser': [ '0.1.10' ],
52 silly audit   'type-fest': [ '0.7.1', '0.21.3' ],
52 silly audit   statuses: [ '2.0.1' ],
52 silly audit   'stealthy-require': [ '1.1.1' ],
52 silly audit   streamsearch: [ '1.1.0' ],
52 silly audit   'strict-uri-encode': [ '1.1.0' ],
52 silly audit   'string-format': [ '2.0.0' ],
52 silly audit   'string.prototype.trim': [ '1.2.7' ],
52 silly audit   'string.prototype.trimend': [ '1.0.6' ],
52 silly audit   'string.prototype.trimstart': [ '1.0.6' ],
52 silly audit   'strip-hex-prefix': [ '1.0.0' ],
52 silly audit   'swarm-js': [ '0.1.42' ],
52 silly audit   'sync-request': [ '6.1.0' ],
52 silly audit   'sync-rpc': [ '1.3.6' ],
52 silly audit   table: [ '6.8.1' ],
52 silly audit   'table-layout': [ '1.0.2' ],
52 silly audit   tar: [ '4.4.19' ],
52 silly audit   'then-request': [ '6.0.2' ],
52 silly audit   'timed-out': [ '4.0.1' ],
52 silly audit   tmp: [ '0.0.33' ],
52 silly audit   'to-readable-stream': [ '1.0.0' ],
52 silly audit   'to-regex-range': [ '5.0.1' ],
52 silly audit   toidentifier: [ '1.0.1' ],
52 silly audit   'tough-cookie': [ '2.5.0' ],
52 silly audit   tr46: [ '0.0.3' ],
52 silly audit   'ts-command-line-args': [ '2.5.1' ],
52 silly audit   'ts-essentials': [ '7.0.3' ],
52 silly audit   'ts-node': [ '10.9.1' ],
52 silly audit   tslib: [ '1.14.1' ],
52 silly audit   tsort: [ '0.0.1' ],
52 silly audit   'tunnel-agent': [ '0.6.0' ],
52 silly audit   'tweetnacl-util': [ '0.15.1' ],
52 silly audit   'type-check': [ '0.3.2' ],
52 silly audit   'type-detect': [ '4.0.8' ],
52 silly audit   'type-is': [ '1.6.18' ],
52 silly audit   typechain: [ '8.3.1' ],
52 silly audit   'typed-array-buffer': [ '1.0.0' ],
52 silly audit   'typed-array-byte-length': [ '1.0.0' ],
52 silly audit   'typed-array-byte-offset': [ '1.0.0' ],
52 silly audit   'typed-array-length': [ '1.0.4' ],
52 silly audit   typedarray: [ '0.0.6' ],
52 silly audit   'typedarray-to-buffer': [ '3.1.5' ],
52 silly audit   typescript: [ '5.1.6' ],
52 silly audit   'uglify-js': [ '3.17.4' ],
52 silly audit   ultron: [ '1.1.1' ],
52 silly audit   'unbox-primitive': [ '1.0.2' ],
52 silly audit   undici: [ '5.23.0' ],
52 silly audit   unpipe: [ '1.0.0' ],
52 silly audit   'uri-js': [ '4.4.1' ],
52 silly audit   'url-parse-lax': [ '3.0.0' ],
52 silly audit   'url-set-query': [ '1.0.0' ],
52 silly audit   'utf-8-validate': [ '5.0.10' ],
52 silly audit   utf8: [ '3.0.0' ],
52 silly audit   util: [ '0.12.5' ],
52 silly audit   'util-deprecate': [ '1.0.2' ],
52 silly audit   'utils-merge': [ '1.0.1' ],
52 silly audit   'v8-compile-cache-lib': [ '3.0.1' ],
52 silly audit   varint: [ '5.0.2' ],
52 silly audit   vary: [ '1.1.2' ],
52 silly audit   verror: [ '1.10.0' ],
52 silly audit   'web3-utils': [ '1.7.4', '1.10.0' ],
52 silly audit   'webidl-conversions': [ '3.0.1' ],
52 silly audit   websocket: [ '1.0.34' ],
52 silly audit   'whatwg-url': [ '5.0.0' ],
52 silly audit   which: [ '1.3.1' ],
52 silly audit   'which-boxed-primitive': [ '1.0.2' ],
52 silly audit   'which-module': [ '2.0.1' ],
52 silly audit   'which-typed-array': [ '1.1.11' ],
52 silly audit   'wide-align': [ '1.1.3' ],
52 silly audit   'word-wrap': [ '1.2.5' ],
52 silly audit   wordwrap: [ '1.0.0' ],
52 silly audit   wordwrapjs: [ '4.0.1' ],
52 silly audit   workerpool: [ '6.2.1' ],
52 silly audit   wrappy: [ '1.0.2' ],
52 silly audit   xhr: [ '2.6.0' ],
52 silly audit   'xhr-request': [ '1.1.0' ],
52 silly audit   'xhr-request-promise': [ '0.1.3' ],
52 silly audit   'xhr2-cookies': [ '1.1.0' ],
52 silly audit   xmlhttprequest: [ '1.8.0' ],
52 silly audit   xtend: [ '4.0.2' ],
52 silly audit   yaeti: [ '0.0.6' ],
52 silly audit   yn: [ '3.1.1' ],
52 silly audit   'yocto-queue': [ '0.1.0' ],
52 silly audit   dotenv: [ '16.3.1' ]
52 silly audit }
53 verbose reify failed optional dependency /mnt/c/Users/aderh/Programing/Web-3/hardhat-simple-storage/node_modules/fsevents
54 silly reify mark deleted [
54 silly reify   '/mnt/c/Users/aderh/Programing/Web-3/hardhat-simple-storage/node_modules/fsevents'
54 silly reify ]
55 verbose reify failed optional dependency /mnt/c/Users/aderh/Programing/Web-3/hardhat-simple-storage/node_modules/@nomicfoundation/solidity-analyzer-win32-ia32-msvc
56 silly reify mark deleted [
56 silly reify   '/mnt/c/Users/aderh/Programing/Web-3/hardhat-simple-storage/node_modules/@nomicfoundation/solidity-analyzer-win32-ia32-msvc'
56 silly reify ]
57 verbose reify failed optional dependency /mnt/c/Users/aderh/Programing/Web-3/hardhat-simple-storage/node_modules/@nomicfoundation/solidity-analyzer-win32-arm64-msvc
58 silly reify mark deleted [
58 silly reify   '/mnt/c/Users/aderh/Programing/Web-3/hardhat-simple-storage/node_modules/@nomicfoundation/solidity-analyzer-win32-arm64-msvc'
58 silly reify ]
59 verbose reify failed optional dependency /mnt/c/Users/aderh/Programing/Web-3/hardhat-simple-storage/node_modules/@nomicfoundation/solidity-analyzer-linux-arm64-musl
60 silly reify mark deleted [
60 silly reify   '/mnt/c/Users/aderh/Programing/Web-3/hardhat-simple-storage/node_modules/@nomicfoundation/solidity-analyzer-linux-arm64-musl'
60 silly reify ]
61 verbose reify failed optional dependency /mnt/c/Users/aderh/Programing/Web-3/hardhat-simple-storage/node_modules/@nomicfoundation/solidity-analyzer-linux-arm64-gnu
62 silly reify mark deleted [
62 silly reify   '/mnt/c/Users/aderh/Programing/Web-3/hardhat-simple-storage/node_modules/@nomicfoundation/solidity-analyzer-linux-arm64-gnu'
62 silly reify ]
63 verbose reify failed optional dependency /mnt/c/Users/aderh/Programing/Web-3/hardhat-simple-storage/node_modules/@nomicfoundation/solidity-analyzer-freebsd-x64
64 silly reify mark deleted [
64 silly reify   '/mnt/c/Users/aderh/Programing/Web-3/hardhat-simple-storage/node_modules/@nomicfoundation/solidity-analyzer-freebsd-x64'
64 silly reify ]
65 verbose reify failed optional dependency /mnt/c/Users/aderh/Programing/Web-3/hardhat-simple-storage/node_modules/@nomicfoundation/solidity-analyzer-darwin-x64
66 silly reify mark deleted [
66 silly reify   '/mnt/c/Users/aderh/Programing/Web-3/hardhat-simple-storage/node_modules/@nomicfoundation/solidity-analyzer-darwin-x64'
66 silly reify ]
67 verbose reify failed optional dependency /mnt/c/Users/aderh/Programing/Web-3/hardhat-simple-storage/node_modules/@nomicfoundation/solidity-analyzer-darwin-arm64
68 silly reify mark deleted [
68 silly reify   '/mnt/c/Users/aderh/Programing/Web-3/hardhat-simple-storage/node_modules/@nomicfoundation/solidity-analyzer-darwin-arm64'
68 silly reify ]
69 verbose reify failed optional dependency /mnt/c/Users/aderh/Programing/Web-3/hardhat-simple-storage/node_modules/eth-gas-reporter/node_modules/fsevents
70 silly reify mark deleted [
70 silly reify   '/mnt/c/Users/aderh/Programing/Web-3/hardhat-simple-storage/node_modules/eth-gas-reporter/node_modules/fsevents'
70 silly reify ]
71 timing reifyNode:node_modules/fsevents Completed in 7ms
72 timing reifyNode:node_modules/@nomicfoundation/solidity-analyzer-win32-ia32-msvc Completed in 6ms
73 timing reifyNode:node_modules/@nomicfoundation/solidity-analyzer-win32-arm64-msvc Completed in 6ms
74 timing reifyNode:node_modules/@nomicfoundation/solidity-analyzer-linux-arm64-musl Completed in 6ms
75 timing reifyNode:node_modules/@nomicfoundation/solidity-analyzer-linux-arm64-gnu Completed in 6ms
76 timing reifyNode:node_modules/@nomicfoundation/solidity-analyzer-freebsd-x64 Completed in 6ms
77 timing reifyNode:node_modules/@nomicfoundation/solidity-analyzer-darwin-x64 Completed in 6ms
78 timing reifyNode:node_modules/@nomicfoundation/solidity-analyzer-darwin-arm64 Completed in 6ms
79 timing reifyNode:node_modules/eth-gas-reporter/node_modules/fsevents Completed in 5ms
80 silly tarball no local data for dotenv@https://registry.npmjs.org/dotenv/-/dotenv-16.3.1.tgz. Extracting by manifest.
81 silly tarball no local data for @nomicfoundation/solidity-analyzer-linux-x64-musl@https://registry.npmjs.org/@nomicfoundation/solidity-analyzer-linux-x64-musl/-/solidity-analyzer-linux-x64-musl-0.1.1.tgz. Extracting by manifest.
82 silly tarball no local data for @nomicfoundation/solidity-analyzer-linux-x64-gnu@https://registry.npmjs.org/@nomicfoundation/solidity-analyzer-linux-x64-gnu/-/solidity-analyzer-linux-x64-gnu-0.1.1.tgz. Extracting by manifest.
83 http fetch GET 200 https://registry.npmjs.org/dotenv/-/dotenv-16.3.1.tgz 96ms (cache miss)
84 timing reifyNode:node_modules/dotenv Completed in 116ms
85 http fetch POST 200 https://registry.npmjs.org/-/npm/v1/security/advisories/bulk 212ms
86 timing auditReport:getReport Completed in 221ms
87 silly audit report {
87 silly audit report   got: [
87 silly audit report     {
87 silly audit report       id: 1088948,
87 silly audit report       url: 'https://github.com/advisories/GHSA-pfrx-2q88-qq97',
87 silly audit report       title: 'Got allows a redirect to a UNIX socket',
87 silly audit report       severity: 'moderate',
87 silly audit report       vulnerable_versions: '<11.8.5',
87 silly audit report       cwe: [],
87 silly audit report       cvss: [Object]
87 silly audit report     }
87 silly audit report   ],
87 silly audit report   flat: [
87 silly audit report     {
87 silly audit report       id: 1089152,
87 silly audit report       url: 'https://github.com/advisories/GHSA-2j2x-2gpw-g8fm',
87 silly audit report       title: 'flat vulnerable to Prototype Pollution',
87 silly audit report       severity: 'critical',
87 silly audit report       vulnerable_versions: '<5.0.1',
87 silly audit report       cwe: [Array],
87 silly audit report       cvss: [Object]
87 silly audit report     }
87 silly audit report   ],
87 silly audit report   minimatch: [
87 silly audit report     {
87 silly audit report       id: 1092637,
87 silly audit report       url: 'https://github.com/advisories/GHSA-f8q6-p94x-37v3',
87 silly audit report       title: 'minimatch ReDoS vulnerability',
87 silly audit report       severity: 'high',
87 silly audit report       vulnerable_versions: '<3.0.5',
87 silly audit report       cwe: [Array],
87 silly audit report       cvss: [Object]
87 silly audit report     }
87 silly audit report   ],
87 silly audit report   request: [
87 silly audit report     {
87 silly audit report       id: 1092826,
87 silly audit report       url: 'https://github.com/advisories/GHSA-p8p7-x288-28g6',
87 silly audit report       title: 'Server-Side Request Forgery in Request',
87 silly audit report       severity: 'moderate',
87 silly audit report       vulnerable_versions: '<=2.88.2',
87 silly audit report       cwe: [Array],
87 silly audit report       cvss: [Object]
87 silly audit report     }
87 silly audit report   ],
87 silly audit report   'tough-cookie': [
87 silly audit report     {
87 silly audit report       id: 1092470,
87 silly audit report       url: 'https://github.com/advisories/GHSA-72xf-g2v4-qvf3',
87 silly audit report       title: 'tough-cookie Prototype Pollution vulnerability',
87 silly audit report       severity: 'moderate',
87 silly audit report       vulnerable_versions: '<4.1.3',
87 silly audit report       cwe: [Array],
87 silly audit report       cvss: [Object]
87 silly audit report     }
87 silly audit report   ]
87 silly audit report }
88 timing metavuln:cache:get:security-advisory:got:6RwqOtyKHRfIYfVtDkU86+jmAkm03OLYFGvOQUWcpuzfU8h8RNz3w5ZFTGeJ+8QNC0jGK3xFL9UvdqMN+kLCrg== Completed in 3ms
89 timing metavuln:cache:get:security-advisory:flat:z3OH43IttXo+z7LyYZGjV9ezFJjTYE9u/8pOn9aORJUn5QwZER2rhxEH2pthmfPYGAXCYPEBHVo54GQ2CdGuYQ== Completed in 2ms
90 timing metavuln:cache:get:security-advisory:minimatch:p95wqm4LFYda8MqIRhnJXQzvuVqj41xyGSOJfNTqDPjDKg480m5l2FhiUVP1JR7YWhTNbFJAK29w5AyMROsYuQ== Completed in 2ms
91 timing metavuln:cache:get:security-advisory:request:Ca2uqfGo+zfPNulYPEnfaKO3u0vg8a43b2ndvJR33ZOCrpemMUOu67tQTL8Hs3HCX0alMzoy2sTlcAAc/nTrzA== Completed in 1ms
92 timing metavuln:cache:get:security-advisory:tough-cookie:VNuwVxANcCKf9fmuD0Vt2V7tyUFg0MOcTBXo66LvguhCeFU0pqdKjCffmtFFsDUZMFdCTHimURRZB0jVSz1wRg== Completed in 1ms
93 http fetch GET 200 https://registry.npmjs.org/flat 33ms (cache miss)
94 timing metavuln:packument:flat Completed in 34ms
95 timing metavuln:load:security-advisory:flat:1089152 Completed in 1ms
96 timing metavuln:cache:put:security-advisory:flat:z3OH43IttXo+z7LyYZGjV9ezFJjTYE9u/8pOn9aORJUn5QwZER2rhxEH2pthmfPYGAXCYPEBHVo54GQ2CdGuYQ== Completed in 2ms
97 timing metavuln:calculate:security-advisory:flat:1089152 Completed in 37ms
98 http fetch GET 200 https://registry.npmjs.org/got 84ms (cache miss)
99 timing metavuln:packument:got Completed in 86ms
100 timing metavuln:load:security-advisory:got:1088948 Completed in 3ms
101 timing metavuln:cache:put:security-advisory:got:6RwqOtyKHRfIYfVtDkU86+jmAkm03OLYFGvOQUWcpuzfU8h8RNz3w5ZFTGeJ+8QNC0jGK3xFL9UvdqMN+kLCrg== Completed in 7ms
102 timing metavuln:calculate:security-advisory:got:1088948 Completed in 97ms
103 http fetch GET 200 https://registry.npmjs.org/tough-cookie 95ms (cache miss)
104 timing metavuln:packument:tough-cookie Completed in 96ms
105 timing metavuln:load:security-advisory:tough-cookie:1092470 Completed in 0ms
106 http fetch GET 200 https://registry.npmjs.org/request 99ms (cache miss)
107 timing metavuln:packument:request Completed in 100ms
108 timing metavuln:load:security-advisory:request:1092826 Completed in 2ms
109 timing metavuln:cache:put:security-advisory:tough-cookie:VNuwVxANcCKf9fmuD0Vt2V7tyUFg0MOcTBXo66LvguhCeFU0pqdKjCffmtFFsDUZMFdCTHimURRZB0jVSz1wRg== Completed in 11ms
110 timing metavuln:calculate:security-advisory:tough-cookie:1092470 Completed in 107ms
111 timing metavuln:cache:put:security-advisory:request:Ca2uqfGo+zfPNulYPEnfaKO3u0vg8a43b2ndvJR33ZOCrpemMUOu67tQTL8Hs3HCX0alMzoy2sTlcAAc/nTrzA== Completed in 5ms
112 timing metavuln:calculate:security-advisory:request:1092826 Completed in 107ms
113 http fetch GET 200 https://registry.npmjs.org/minimatch 109ms (cache miss)
114 timing metavuln:packument:minimatch Completed in 111ms
115 timing metavuln:load:security-advisory:minimatch:1092637 Completed in 2ms
116 timing metavuln:cache:put:security-advisory:minimatch:p95wqm4LFYda8MqIRhnJXQzvuVqj41xyGSOJfNTqDPjDKg480m5l2FhiUVP1JR7YWhTNbFJAK29w5AyMROsYuQ== Completed in 12ms
117 timing metavuln:calculate:security-advisory:minimatch:1092637 Completed in 125ms
118 timing metavuln:cache:get:security-advisory:web3-bzz:QP6jQ6nnBezcOqnVpIiHRPDf1u4S3kiBZy3DitMvrqDS77pXPOY+k3u4z+de1ReH/wf0jEkM+0GSBGegORkKNQ== Completed in 2ms
119 http fetch GET 200 https://registry.npmjs.org/@nomicfoundation/solidity-analyzer-linux-x64-gnu/-/solidity-analyzer-linux-x64-gnu-0.1.1.tgz 344ms (cache miss)
120 timing reifyNode:node_modules/@nomicfoundation/solidity-analyzer-linux-x64-gnu Completed in 364ms
121 http fetch GET 200 https://registry.npmjs.org/@nomicfoundation/solidity-analyzer-linux-x64-musl/-/solidity-analyzer-linux-x64-musl-0.1.1.tgz 352ms (cache miss)
122 timing reifyNode:node_modules/@nomicfoundation/solidity-analyzer-linux-x64-musl Completed in 368ms
123 timing reify:unpack Completed in 369ms
124 timing reify:unretire Completed in 0ms
125 timing build:queue Completed in 13ms
126 timing build:deps Completed in 13ms
127 timing build Completed in 13ms
128 timing reify:build Completed in 14ms
129 timing reify:trash Completed in 19ms
130 timing reify:save Completed in 197ms
131 http fetch GET 200 https://registry.npmjs.org/web3-bzz 351ms (cache miss)
132 timing metavuln:packument:web3-bzz Completed in 353ms
133 timing metavuln:load:security-advisory:web3-bzz:6RwqOtyKHRfIYfVtDkU86+jmAkm03OLYFGvOQUWcpuzfU8h8RNz3w5ZFTGeJ+8QNC0jGK3xFL9UvdqMN+kLCrg== Completed in 4ms
134 timing metavuln:cache:put:security-advisory:web3-bzz:QP6jQ6nnBezcOqnVpIiHRPDf1u4S3kiBZy3DitMvrqDS77pXPOY+k3u4z+de1ReH/wf0jEkM+0GSBGegORkKNQ== Completed in 3ms
135 timing metavuln:calculate:security-advisory:web3-bzz:6RwqOtyKHRfIYfVtDkU86+jmAkm03OLYFGvOQUWcpuzfU8h8RNz3w5ZFTGeJ+8QNC0jGK3xFL9UvdqMN+kLCrg== Completed in 360ms
136 timing metavuln:cache:get:security-advisory:yargs-unparser:mk3lK1RIdjYSKhLSF5XP4iF72zE6XntnRqIr5zOn9NCjvcVxLee96mRpcOmvMk0iPzIfEW8ZOpMxf5UpccR3ew== Completed in 1ms
137 http fetch GET 200 https://registry.npmjs.org/yargs-unparser 30ms (cache miss)
138 timing metavuln:packument:yargs-unparser Completed in 30ms
139 timing metavuln:load:security-advisory:yargs-unparser:z3OH43IttXo+z7LyYZGjV9ezFJjTYE9u/8pOn9aORJUn5QwZER2rhxEH2pthmfPYGAXCYPEBHVo54GQ2CdGuYQ== Completed in 1ms
140 timing metavuln:cache:put:security-advisory:yargs-unparser:mk3lK1RIdjYSKhLSF5XP4iF72zE6XntnRqIr5zOn9NCjvcVxLee96mRpcOmvMk0iPzIfEW8ZOpMxf5UpccR3ew== Completed in 1ms
141 timing metavuln:calculate:security-advisory:yargs-unparser:z3OH43IttXo+z7LyYZGjV9ezFJjTYE9u/8pOn9aORJUn5QwZER2rhxEH2pthmfPYGAXCYPEBHVo54GQ2CdGuYQ== Completed in 33ms
142 timing metavuln:cache:get:security-advisory:glob:D1eGkUenocKIEzLL98b8kGGyCsMFzJmW+bo1loOQwvB/5Pab5Wm/oczmN1KdqqoneXSlImTW7/9POlaNzEl48A== Completed in 2ms
143 timing metavuln:cache:get:security-advisory:mocha:zVViDN/CepLapW9sSvSkk93Zr8MY8kdFOkDtQSYFB5xN3aJqOeEfVeEmexi4Ba432l7i4Pmhk0UX9TN89892zg== Completed in 1ms
144 http fetch GET 200 https://registry.npmjs.org/glob 61ms (cache miss)
145 timing metavuln:packument:glob Completed in 62ms
146 timing metavuln:load:security-advisory:glob:p95wqm4LFYda8MqIRhnJXQzvuVqj41xyGSOJfNTqDPjDKg480m5l2FhiUVP1JR7YWhTNbFJAK29w5AyMROsYuQ== Completed in 8ms
147 http fetch GET 200 https://registry.npmjs.org/mocha 72ms (cache miss)
148 timing metavuln:packument:mocha Completed in 75ms
149 timing metavuln:load:security-advisory:mocha:p95wqm4LFYda8MqIRhnJXQzvuVqj41xyGSOJfNTqDPjDKg480m5l2FhiUVP1JR7YWhTNbFJAK29w5AyMROsYuQ== Completed in 3ms
150 timing metavuln:cache:put:security-advisory:glob:D1eGkUenocKIEzLL98b8kGGyCsMFzJmW+bo1loOQwvB/5Pab5Wm/oczmN1KdqqoneXSlImTW7/9POlaNzEl48A== Completed in 10ms
151 timing metavuln:calculate:security-advisory:glob:p95wqm4LFYda8MqIRhnJXQzvuVqj41xyGSOJfNTqDPjDKg480m5l2FhiUVP1JR7YWhTNbFJAK29w5AyMROsYuQ== Completed in 81ms
152 timing metavuln:cache:put:security-advisory:mocha:zVViDN/CepLapW9sSvSkk93Zr8MY8kdFOkDtQSYFB5xN3aJqOeEfVeEmexi4Ba432l7i4Pmhk0UX9TN89892zg== Completed in 4ms
153 timing metavuln:calculate:security-advisory:mocha:p95wqm4LFYda8MqIRhnJXQzvuVqj41xyGSOJfNTqDPjDKg480m5l2FhiUVP1JR7YWhTNbFJAK29w5AyMROsYuQ== Completed in 82ms
154 timing metavuln:cache:get:security-advisory:eth-gas-reporter:Rsh/tphoYFSUvX++hlacHDJOWOxFNIYOf6R6r6rY84Z1WNPtCWMPOeZf8i+avcN1OFrcCZRryIoI3ch7eI8MaA== Completed in 2ms
155 timing metavuln:cache:get:security-advisory:request-promise-core:57kAp4fr0GyIVrZ55TsZKyy6YgiVzZ7aHpxI17mn6O9uJh9q5znVpphOJuqxPYZ1/ODwHNNWVP9jKjV/GQTOAg== Completed in 1ms
156 timing metavuln:cache:get:security-advisory:request-promise-native:Lc/QKAK/ADc2rj5CfVH8yFcpm0wLJX+rhz0EjtXj4nyj15f1kB7LBpzoVQENXqQvIx30Zx2nmR814KDCRkMsHg== Completed in 1ms
157 timing metavuln:cache:get:security-advisory:servify:Nd2FsN1lB2/VE6+bRpU4SbpTqZAQXuklNC3hkn1DYvx2VPu+STiTWeouojDx4gmU0wZQlFCPJ2XKHAwW7DFH1A== Completed in 1ms
158 http fetch GET 200 https://registry.npmjs.org/request-promise-core 31ms (cache miss)
159 timing metavuln:packument:request-promise-core Completed in 31ms
160 timing metavuln:load:security-advisory:request-promise-core:Ca2uqfGo+zfPNulYPEnfaKO3u0vg8a43b2ndvJR33ZOCrpemMUOu67tQTL8Hs3HCX0alMzoy2sTlcAAc/nTrzA== Completed in 0ms
161 http fetch GET 200 https://registry.npmjs.org/request-promise-native 32ms (cache miss)
162 timing metavuln:packument:request-promise-native Completed in 32ms
163 timing metavuln:load:security-advisory:request-promise-native:Ca2uqfGo+zfPNulYPEnfaKO3u0vg8a43b2ndvJR33ZOCrpemMUOu67tQTL8Hs3HCX0alMzoy2sTlcAAc/nTrzA== Completed in 0ms
164 timing metavuln:cache:put:security-advisory:request-promise-native:Lc/QKAK/ADc2rj5CfVH8yFcpm0wLJX+rhz0EjtXj4nyj15f1kB7LBpzoVQENXqQvIx30Zx2nmR814KDCRkMsHg== Completed in 3ms
165 timing metavuln:calculate:security-advisory:request-promise-native:Ca2uqfGo+zfPNulYPEnfaKO3u0vg8a43b2ndvJR33ZOCrpemMUOu67tQTL8Hs3HCX0alMzoy2sTlcAAc/nTrzA== Completed in 35ms
166 timing metavuln:cache:put:security-advisory:request-promise-core:57kAp4fr0GyIVrZ55TsZKyy6YgiVzZ7aHpxI17mn6O9uJh9q5znVpphOJuqxPYZ1/ODwHNNWVP9jKjV/GQTOAg== Completed in 3ms
167 timing metavuln:calculate:security-advisory:request-promise-core:Ca2uqfGo+zfPNulYPEnfaKO3u0vg8a43b2ndvJR33ZOCrpemMUOu67tQTL8Hs3HCX0alMzoy2sTlcAAc/nTrzA== Completed in 36ms
168 http fetch GET 200 https://registry.npmjs.org/servify 234ms (cache miss)
169 timing metavuln:packument:servify Completed in 235ms
170 timing metavuln:load:security-advisory:servify:Ca2uqfGo+zfPNulYPEnfaKO3u0vg8a43b2ndvJR33ZOCrpemMUOu67tQTL8Hs3HCX0alMzoy2sTlcAAc/nTrzA== Completed in 1ms
171 timing metavuln:cache:put:security-advisory:servify:Nd2FsN1lB2/VE6+bRpU4SbpTqZAQXuklNC3hkn1DYvx2VPu+STiTWeouojDx4gmU0wZQlFCPJ2XKHAwW7DFH1A== Completed in 2ms
172 timing metavuln:calculate:security-advisory:servify:Ca2uqfGo+zfPNulYPEnfaKO3u0vg8a43b2ndvJR33ZOCrpemMUOu67tQTL8Hs3HCX0alMzoy2sTlcAAc/nTrzA== Completed in 238ms
173 http fetch GET 200 https://registry.npmjs.org/eth-gas-reporter 781ms (cache miss)
174 timing metavuln:packument:eth-gas-reporter Completed in 781ms
175 timing metavuln:load:security-advisory:eth-gas-reporter:Ca2uqfGo+zfPNulYPEnfaKO3u0vg8a43b2ndvJR33ZOCrpemMUOu67tQTL8Hs3HCX0alMzoy2sTlcAAc/nTrzA== Completed in 2ms
176 timing metavuln:cache:put:security-advisory:eth-gas-reporter:Rsh/tphoYFSUvX++hlacHDJOWOxFNIYOf6R6r6rY84Z1WNPtCWMPOeZf8i+avcN1OFrcCZRryIoI3ch7eI8MaA== Completed in 2ms
177 timing metavuln:calculate:security-advisory:eth-gas-reporter:Ca2uqfGo+zfPNulYPEnfaKO3u0vg8a43b2ndvJR33ZOCrpemMUOu67tQTL8Hs3HCX0alMzoy2sTlcAAc/nTrzA== Completed in 785ms
178 timing metavuln:cache:get:security-advisory:request:ha9I6cGuLN/1vrRjDs9jKCHGoyshzsZrn3liVXlwfWRxB2E/mWSVQsFkapkL7FqkKtl0mJVld9k3Junaf5/m0g== Completed in 0ms
179 timing metavuln:load:security-advisory:request:VNuwVxANcCKf9fmuD0Vt2V7tyUFg0MOcTBXo66LvguhCeFU0pqdKjCffmtFFsDUZMFdCTHimURRZB0jVSz1wRg== Completed in 2ms
180 timing metavuln:cache:get:security-advisory:request-promise-native:ZE6G9utMZBQSDmUMPLnXiQRlmuieZBfIpT/uSFFpdkxpR4BxKNO89OEj+6D0Cb7WTwRzQq14MNjMbCqGP4Po9A== Completed in 3ms
181 timing metavuln:load:security-advisory:request-promise-native:VNuwVxANcCKf9fmuD0Vt2V7tyUFg0MOcTBXo66LvguhCeFU0pqdKjCffmtFFsDUZMFdCTHimURRZB0jVSz1wRg== Completed in 0ms
182 timing metavuln:cache:put:security-advisory:request:ha9I6cGuLN/1vrRjDs9jKCHGoyshzsZrn3liVXlwfWRxB2E/mWSVQsFkapkL7FqkKtl0mJVld9k3Junaf5/m0g== Completed in 3ms
183 timing metavuln:calculate:security-advisory:request:VNuwVxANcCKf9fmuD0Vt2V7tyUFg0MOcTBXo66LvguhCeFU0pqdKjCffmtFFsDUZMFdCTHimURRZB0jVSz1wRg== Completed in 5ms
184 timing metavuln:cache:put:security-advisory:request-promise-native:ZE6G9utMZBQSDmUMPLnXiQRlmuieZBfIpT/uSFFpdkxpR4BxKNO89OEj+6D0Cb7WTwRzQq14MNjMbCqGP4Po9A== Completed in 2ms
185 timing metavuln:calculate:security-advisory:request-promise-native:VNuwVxANcCKf9fmuD0Vt2V7tyUFg0MOcTBXo66LvguhCeFU0pqdKjCffmtFFsDUZMFdCTHimURRZB0jVSz1wRg== Completed in 5ms
186 timing metavuln:cache:get:security-advisory:web3:cOi3yYuY/fgQrAe4pg+cYwpjVcztMJ8tbw8gIaGa5sKXZVz0HoLqsAzCD1Dj/cl4fr58ihh5APF2mkSPupDvSw== Completed in 1ms
187 http fetch GET 200 https://registry.npmjs.org/web3 854ms (cache miss)
188 timing metavuln:packument:web3 Completed in 855ms
189 timing metavuln:load:security-advisory:web3:QP6jQ6nnBezcOqnVpIiHRPDf1u4S3kiBZy3DitMvrqDS77pXPOY+k3u4z+de1ReH/wf0jEkM+0GSBGegORkKNQ== Completed in 22ms
190 timing metavuln:cache:put:security-advisory:web3:cOi3yYuY/fgQrAe4pg+cYwpjVcztMJ8tbw8gIaGa5sKXZVz0HoLqsAzCD1Dj/cl4fr58ihh5APF2mkSPupDvSw== Completed in 2ms
191 timing metavuln:calculate:security-advisory:web3:QP6jQ6nnBezcOqnVpIiHRPDf1u4S3kiBZy3DitMvrqDS77pXPOY+k3u4z+de1ReH/wf0jEkM+0GSBGegORkKNQ== Completed in 880ms
192 timing metavuln:cache:get:security-advisory:mocha:wpv1i8FEnnwX2yRfpUx9uoHCP3KidIq1s6Tf7DBi0tZ2thMo5MMIK/xKJm+8NnfffYn16XmJb6MXli8eGakTUA== Completed in 0ms
193 timing metavuln:load:security-advisory:mocha:mk3lK1RIdjYSKhLSF5XP4iF72zE6XntnRqIr5zOn9NCjvcVxLee96mRpcOmvMk0iPzIfEW8ZOpMxf5UpccR3ew== Completed in 2ms
194 timing metavuln:cache:put:security-advisory:mocha:wpv1i8FEnnwX2yRfpUx9uoHCP3KidIq1s6Tf7DBi0tZ2thMo5MMIK/xKJm+8NnfffYn16XmJb6MXli8eGakTUA== Completed in 1ms
195 timing metavuln:calculate:security-advisory:mocha:mk3lK1RIdjYSKhLSF5XP4iF72zE6XntnRqIr5zOn9NCjvcVxLee96mRpcOmvMk0iPzIfEW8ZOpMxf5UpccR3ew== Completed in 4ms
196 timing metavuln:cache:get:security-advisory:eth-gas-reporter:S6wDmTP8sdDibDEdZxa4S7u9eO7XCsJnq3w6X+DWqhfbv//b9tKDTOHEvT8OM7W2XmMYh08r5xsHr/UwpyaXaQ== Completed in 0ms
197 timing metavuln:load:security-advisory:eth-gas-reporter:zVViDN/CepLapW9sSvSkk93Zr8MY8kdFOkDtQSYFB5xN3aJqOeEfVeEmexi4Ba432l7i4Pmhk0UX9TN89892zg== Completed in 2ms
198 timing metavuln:cache:put:security-advisory:eth-gas-reporter:S6wDmTP8sdDibDEdZxa4S7u9eO7XCsJnq3w6X+DWqhfbv//b9tKDTOHEvT8OM7W2XmMYh08r5xsHr/UwpyaXaQ== Completed in 2ms
199 timing metavuln:calculate:security-advisory:eth-gas-reporter:zVViDN/CepLapW9sSvSkk93Zr8MY8kdFOkDtQSYFB5xN3aJqOeEfVeEmexi4Ba432l7i4Pmhk0UX9TN89892zg== Completed in 4ms
200 timing metavuln:cache:get:security-advisory:eth-gas-reporter:2+1X6pFPZeTMh2ZZzbgeQg4PS4YsWAgt76t/Ytkh8XMv2bwKMn1L/xI+6K4KOiGM08xAkFNf14jFeWrCBYujXA== Completed in 0ms
201 timing metavuln:load:security-advisory:eth-gas-reporter:Lc/QKAK/ADc2rj5CfVH8yFcpm0wLJX+rhz0EjtXj4nyj15f1kB7LBpzoVQENXqQvIx30Zx2nmR814KDCRkMsHg== Completed in 1ms
202 timing metavuln:cache:put:security-advisory:eth-gas-reporter:2+1X6pFPZeTMh2ZZzbgeQg4PS4YsWAgt76t/Ytkh8XMv2bwKMn1L/xI+6K4KOiGM08xAkFNf14jFeWrCBYujXA== Completed in 4ms
203 timing metavuln:calculate:security-advisory:eth-gas-reporter:Lc/QKAK/ADc2rj5CfVH8yFcpm0wLJX+rhz0EjtXj4nyj15f1kB7LBpzoVQENXqQvIx30Zx2nmR814KDCRkMsHg== Completed in 5ms
204 timing metavuln:cache:get:security-advisory:request-promise-native:kmfP7tnpt+rIsUQuPNv8w3svImCyDtk55vMWzKtxxIr6sQtpZBvVuT4EfaxAU6HdXRPTO6T5njQnRexQDFvY4Q== Completed in 0ms
205 timing metavuln:load:security-advisory:request-promise-native:57kAp4fr0GyIVrZ55TsZKyy6YgiVzZ7aHpxI17mn6O9uJh9q5znVpphOJuqxPYZ1/ODwHNNWVP9jKjV/GQTOAg== Completed in 0ms
206 timing metavuln:cache:put:security-advisory:request-promise-native:kmfP7tnpt+rIsUQuPNv8w3svImCyDtk55vMWzKtxxIr6sQtpZBvVuT4EfaxAU6HdXRPTO6T5njQnRexQDFvY4Q== Completed in 1ms
207 timing metavuln:calculate:security-advisory:request-promise-native:57kAp4fr0GyIVrZ55TsZKyy6YgiVzZ7aHpxI17mn6O9uJh9q5znVpphOJuqxPYZ1/ODwHNNWVP9jKjV/GQTOAg== Completed in 2ms
208 timing metavuln:cache:get:security-advisory:eth-lib:yM5p+rQ8Iwb3COg1Oymk3+cPrxsQX2PCTLp+CAqzJdagNRCrXmSUGtjulwEpsPXTXkQ7Ytf6zOBBk913w3w6UA== Completed in 1ms
209 http fetch GET 200 https://registry.npmjs.org/eth-lib 789ms (cache miss)
210 timing metavuln:packument:eth-lib Completed in 790ms
211 timing metavuln:load:security-advisory:eth-lib:Nd2FsN1lB2/VE6+bRpU4SbpTqZAQXuklNC3hkn1DYvx2VPu+STiTWeouojDx4gmU0wZQlFCPJ2XKHAwW7DFH1A== Completed in 1ms
212 timing metavuln:cache:put:security-advisory:eth-lib:yM5p+rQ8Iwb3COg1Oymk3+cPrxsQX2PCTLp+CAqzJdagNRCrXmSUGtjulwEpsPXTXkQ7Ytf6zOBBk913w3w6UA== Completed in 2ms
213 timing metavuln:calculate:security-advisory:eth-lib:Nd2FsN1lB2/VE6+bRpU4SbpTqZAQXuklNC3hkn1DYvx2VPu+STiTWeouojDx4gmU0wZQlFCPJ2XKHAwW7DFH1A== Completed in 793ms
214 timing metavuln:cache:get:security-advisory:hardhat-gas-reporter:jyjjUydfmI9FmyKx4pK0GcybocZPtCZkikSmgfc5Gz7Txw8rqqAQQxt7j/n8le40FvRD1dk6nY/33/OGdryGUw== Completed in 1ms
215 http fetch GET 200 https://registry.npmjs.org/hardhat-gas-reporter 782ms (cache miss)
216 timing metavuln:packument:hardhat-gas-reporter Completed in 782ms
217 timing metavuln:load:security-advisory:hardhat-gas-reporter:Rsh/tphoYFSUvX++hlacHDJOWOxFNIYOf6R6r6rY84Z1WNPtCWMPOeZf8i+avcN1OFrcCZRryIoI3ch7eI8MaA== Completed in 3ms
218 timing metavuln:cache:put:security-advisory:hardhat-gas-reporter:jyjjUydfmI9FmyKx4pK0GcybocZPtCZkikSmgfc5Gz7Txw8rqqAQQxt7j/n8le40FvRD1dk6nY/33/OGdryGUw== Completed in 2ms
219 timing metavuln:calculate:security-advisory:hardhat-gas-reporter:Rsh/tphoYFSUvX++hlacHDJOWOxFNIYOf6R6r6rY84Z1WNPtCWMPOeZf8i+avcN1OFrcCZRryIoI3ch7eI8MaA== Completed in 787ms
220 timing metavuln:cache:get:security-advisory:@truffle/provider:WHeshL4xdgH4p0CPmFYQJik+x0tvadLVZVJmWOa7XRYAYmLErGlG+FaJ0QkcquK4nXaw9NNV0lk5b7OZSzQH6A== Completed in 1ms
221 http fetch GET 200 https://registry.npmjs.org/@truffle%2fprovider 1561ms (cache miss)
222 timing metavuln:packument:@truffle/provider Completed in 1562ms
223 timing metavuln:load:security-advisory:@truffle/provider:cOi3yYuY/fgQrAe4pg+cYwpjVcztMJ8tbw8gIaGa5sKXZVz0HoLqsAzCD1Dj/cl4fr58ihh5APF2mkSPupDvSw== Completed in 6ms
224 timing metavuln:cache:put:security-advisory:@truffle/provider:WHeshL4xdgH4p0CPmFYQJik+x0tvadLVZVJmWOa7XRYAYmLErGlG+FaJ0QkcquK4nXaw9NNV0lk5b7OZSzQH6A== Completed in 5ms
225 timing metavuln:calculate:security-advisory:@truffle/provider:cOi3yYuY/fgQrAe4pg+cYwpjVcztMJ8tbw8gIaGa5sKXZVz0HoLqsAzCD1Dj/cl4fr58ihh5APF2mkSPupDvSw== Completed in 1573ms
226 timing metavuln:cache:get:security-advisory:swarm-js:H13bj6wYGlH8oyaULt8WZFCYp1YO/M8EV8uaUQYgGDfQIukMWYaC9tnHbuJ+CD6xa3ge9iAmflfk3BmCbGuYnw== Completed in 2ms
227 http fetch GET 200 https://registry.npmjs.org/swarm-js 30ms (cache miss)
228 timing metavuln:packument:swarm-js Completed in 32ms
229 timing metavuln:load:security-advisory:swarm-js:yM5p+rQ8Iwb3COg1Oymk3+cPrxsQX2PCTLp+CAqzJdagNRCrXmSUGtjulwEpsPXTXkQ7Ytf6zOBBk913w3w6UA== Completed in 1ms
230 timing metavuln:cache:put:security-advisory:swarm-js:H13bj6wYGlH8oyaULt8WZFCYp1YO/M8EV8uaUQYgGDfQIukMWYaC9tnHbuJ+CD6xa3ge9iAmflfk3BmCbGuYnw== Completed in 2ms
231 timing metavuln:calculate:security-advisory:swarm-js:yM5p+rQ8Iwb3COg1Oymk3+cPrxsQX2PCTLp+CAqzJdagNRCrXmSUGtjulwEpsPXTXkQ7Ytf6zOBBk913w3w6UA== Completed in 35ms
232 timing metavuln:cache:get:security-advisory:@nomicfoundation/hardhat-toolbox:6uCoelkamgdka+/5yXbVkXaK2Thix/AmN+eELxoUl/eoatud9WeCDl0MSJxlF/6I2H4NjK7ehzN9v7KdcV8/Gw== Completed in 1ms
233 http fetch GET 200 https://registry.npmjs.org/@nomicfoundation%2fhardhat-toolbox 1637ms (cache miss)
234 timing metavuln:packument:@nomicfoundation/hardhat-toolbox Completed in 1637ms
235 timing metavuln:load:security-advisory:@nomicfoundation/hardhat-toolbox:jyjjUydfmI9FmyKx4pK0GcybocZPtCZkikSmgfc5Gz7Txw8rqqAQQxt7j/n8le40FvRD1dk6nY/33/OGdryGUw== Completed in 1ms
236 timing metavuln:cache:put:security-advisory:@nomicfoundation/hardhat-toolbox:6uCoelkamgdka+/5yXbVkXaK2Thix/AmN+eELxoUl/eoatud9WeCDl0MSJxlF/6I2H4NjK7ehzN9v7KdcV8/Gw== Completed in 2ms
237 timing metavuln:calculate:security-advisory:@nomicfoundation/hardhat-toolbox:jyjjUydfmI9FmyKx4pK0GcybocZPtCZkikSmgfc5Gz7Txw8rqqAQQxt7j/n8le40FvRD1dk6nY/33/OGdryGUw== Completed in 1640ms
238 timing metavuln:cache:get:security-advisory:solidity-coverage:D4gnQp/ny5alu08Sg42SmaL1IpFTBa8MRshmoHUkl29fH+IehnKaWkoC8oB+rMJdwWM63IG9z/HbwFXB+nmOxQ== Completed in 1ms
239 http fetch GET 200 https://registry.npmjs.org/solidity-coverage 837ms (cache miss)
240 timing metavuln:packument:solidity-coverage Completed in 839ms
241 timing metavuln:load:security-advisory:solidity-coverage:WHeshL4xdgH4p0CPmFYQJik+x0tvadLVZVJmWOa7XRYAYmLErGlG+FaJ0QkcquK4nXaw9NNV0lk5b7OZSzQH6A== Completed in 2ms
242 timing metavuln:cache:put:security-advisory:solidity-coverage:D4gnQp/ny5alu08Sg42SmaL1IpFTBa8MRshmoHUkl29fH+IehnKaWkoC8oB+rMJdwWM63IG9z/HbwFXB+nmOxQ== Completed in 2ms
243 timing metavuln:calculate:security-advisory:solidity-coverage:WHeshL4xdgH4p0CPmFYQJik+x0tvadLVZVJmWOa7XRYAYmLErGlG+FaJ0QkcquK4nXaw9NNV0lk5b7OZSzQH6A== Completed in 843ms
244 timing metavuln:cache:get:security-advisory:web3-bzz:FkF2l6nTxDl44j6PkSANC4FUn7ghJjLg4QBoUyWoQIq6DCin6zjONbkhVNFHHtjbKxTu156+/8OGS8CJDBsVzg== Completed in 0ms
245 timing metavuln:load:security-advisory:web3-bzz:H13bj6wYGlH8oyaULt8WZFCYp1YO/M8EV8uaUQYgGDfQIukMWYaC9tnHbuJ+CD6xa3ge9iAmflfk3BmCbGuYnw== Completed in 3ms
246 timing metavuln:cache:put:security-advisory:web3-bzz:FkF2l6nTxDl44j6PkSANC4FUn7ghJjLg4QBoUyWoQIq6DCin6zjONbkhVNFHHtjbKxTu156+/8OGS8CJDBsVzg== Completed in 3ms
247 timing metavuln:calculate:security-advisory:web3-bzz:H13bj6wYGlH8oyaULt8WZFCYp1YO/M8EV8uaUQYgGDfQIukMWYaC9tnHbuJ+CD6xa3ge9iAmflfk3BmCbGuYnw== Completed in 6ms
248 timing metavuln:cache:get:security-advisory:@nomicfoundation/hardhat-toolbox:PYAOywQjgOCQK7RfygHCYyEexHtSGlj3CN86frHtzFtikeE7jIOae9pthDXjfKMUDXb871GdpvOvFHCFwmJ5oA== Completed in 1ms
249 timing metavuln:load:security-advisory:@nomicfoundation/hardhat-toolbox:D4gnQp/ny5alu08Sg42SmaL1IpFTBa8MRshmoHUkl29fH+IehnKaWkoC8oB+rMJdwWM63IG9z/HbwFXB+nmOxQ== Completed in 1ms
250 timing metavuln:cache:put:security-advisory:@nomicfoundation/hardhat-toolbox:PYAOywQjgOCQK7RfygHCYyEexHtSGlj3CN86frHtzFtikeE7jIOae9pthDXjfKMUDXb871GdpvOvFHCFwmJ5oA== Completed in 1ms
251 timing metavuln:calculate:security-advisory:@nomicfoundation/hardhat-toolbox:D4gnQp/ny5alu08Sg42SmaL1IpFTBa8MRshmoHUkl29fH+IehnKaWkoC8oB+rMJdwWM63IG9z/HbwFXB+nmOxQ== Completed in 3ms
252 timing metavuln:cache:get:security-advisory:web3:JsaEelrqsgYgCwMQmi9Q6p5ifzFJGiSre9VlPzQ+tSyIDyaZNONRqVo9JDoWCZwi8YkAjy0nr6afCHEc94QeXg== Completed in 0ms
253 timing metavuln:load:security-advisory:web3:FkF2l6nTxDl44j6PkSANC4FUn7ghJjLg4QBoUyWoQIq6DCin6zjONbkhVNFHHtjbKxTu156+/8OGS8CJDBsVzg== Completed in 21ms
254 timing metavuln:cache:put:security-advisory:web3:JsaEelrqsgYgCwMQmi9Q6p5ifzFJGiSre9VlPzQ+tSyIDyaZNONRqVo9JDoWCZwi8YkAjy0nr6afCHEc94QeXg== Completed in 2ms
255 timing metavuln:calculate:security-advisory:web3:FkF2l6nTxDl44j6PkSANC4FUn7ghJjLg4QBoUyWoQIq6DCin6zjONbkhVNFHHtjbKxTu156+/8OGS8CJDBsVzg== Completed in 23ms
256 timing metavuln:cache:get:security-advisory:@truffle/interface-adapter:6OhYUq2B2HQwi5vGYvqm0ObDSPhcnwsADDy+tty71jWYo/yUGOfD7GjzVRJc8qXrl4QjkURjns701f6r6KcVmg== Completed in 1ms
257 http fetch GET 200 https://registry.npmjs.org/@truffle%2finterface-adapter 1109ms (cache miss)
258 timing metavuln:packument:@truffle/interface-adapter Completed in 1111ms
259 timing metavuln:load:security-advisory:@truffle/interface-adapter:JsaEelrqsgYgCwMQmi9Q6p5ifzFJGiSre9VlPzQ+tSyIDyaZNONRqVo9JDoWCZwi8YkAjy0nr6afCHEc94QeXg== Completed in 4ms
260 timing metavuln:cache:put:security-advisory:@truffle/interface-adapter:6OhYUq2B2HQwi5vGYvqm0ObDSPhcnwsADDy+tty71jWYo/yUGOfD7GjzVRJc8qXrl4QjkURjns701f6r6KcVmg== Completed in 2ms
261 timing metavuln:calculate:security-advisory:@truffle/interface-adapter:JsaEelrqsgYgCwMQmi9Q6p5ifzFJGiSre9VlPzQ+tSyIDyaZNONRqVo9JDoWCZwi8YkAjy0nr6afCHEc94QeXg== Completed in 1117ms
262 timing metavuln:cache:get:security-advisory:@truffle/provider:NXOxR6WltDa0vmHmLw4dA0IgkmCh/Z6oXeiudKc87G40hHyMjpNJAIw1c83EBFSB9voHLTfWwYzYU3o+GN4nDA== Completed in 0ms
263 timing metavuln:load:security-advisory:@truffle/provider:6OhYUq2B2HQwi5vGYvqm0ObDSPhcnwsADDy+tty71jWYo/yUGOfD7GjzVRJc8qXrl4QjkURjns701f6r6KcVmg== Completed in 6ms
264 timing metavuln:cache:put:security-advisory:@truffle/provider:NXOxR6WltDa0vmHmLw4dA0IgkmCh/Z6oXeiudKc87G40hHyMjpNJAIw1c83EBFSB9voHLTfWwYzYU3o+GN4nDA== Completed in 2ms
265 timing metavuln:calculate:security-advisory:@truffle/provider:6OhYUq2B2HQwi5vGYvqm0ObDSPhcnwsADDy+tty71jWYo/yUGOfD7GjzVRJc8qXrl4QjkURjns701f6r6KcVmg== Completed in 8ms
266 timing auditReport:init Completed in 9117ms
267 timing reify:audit Completed in 9339ms
268 timing reify Completed in 11243ms
269 silly ADD node_modules/dotenv
270 silly ADD
271 silly ADD
272 silly ADD
273 silly ADD node_modules/@nomicfoundation/solidity-analyzer-linux-x64-musl
274 silly ADD node_modules/@nomicfoundation/solidity-analyzer-linux-x64-gnu
275 silly ADD
276 silly ADD
277 silly ADD
278 silly ADD
279 silly ADD
280 silly ADD
281 timing command:install Completed in 11261ms
282 verbose exit 0
283 timing npm Completed in 11402ms
284 info ok
