0 verbose cli /home/yaryhin/.nvm/versions/node/v18.17.0/bin/node /home/yaryhin/.nvm/versions/node/v18.17.0/bin/npm
1 info using npm@9.6.7
2 info using node@v18.17.0
3 timing npm:load:whichnode Completed in 2ms
4 timing config:load:defaults Completed in 3ms
5 timing config:load:file:/home/yaryhin/.nvm/versions/node/v18.17.0/lib/node_modules/npm/npmrc Completed in 4ms
6 timing config:load:builtin Completed in 4ms
7 timing config:load:cli Completed in 6ms
8 timing config:load:env Completed in 1ms
9 timing config:load:file:/home/yaryhin/.cache/typescript/5.1/.npmrc Completed in 0ms
10 timing config:load:project Completed in 7ms
11 timing config:load:file:/home/yaryhin/.npmrc Completed in 1ms
12 timing config:load:user Completed in 1ms
13 timing config:load:file:/home/yaryhin/.nvm/versions/node/v18.17.0/etc/npmrc Completed in 0ms
14 timing config:load:global Completed in 1ms
15 timing config:load:setEnvs Completed in 1ms
16 timing config:load Completed in 24ms
17 timing npm:load:configload Completed in 24ms
18 timing npm:load:mkdirpcache Completed in 1ms
19 timing npm:load:mkdirplogs Completed in 0ms
20 verbose title npm install @types/chai@ts5.1
21 verbose argv "install" "--ignore-scripts" "@types/chai@ts5.1" "--save-dev" "--user-agent" "typesInstaller/5.1.6"
22 timing npm:load:setTitle Completed in 2ms
23 timing config:load:flatten Completed in 5ms
24 timing npm:load:display Completed in 7ms
25 verbose logfile logs-max:10 dir:/home/yaryhin/.npm/_logs/2023-08-10T19_16_52_740Z-
26 verbose logfile /home/yaryhin/.npm/_logs/2023-08-10T19_16_52_740Z-debug-0.log
27 timing npm:load:logFile Completed in 14ms
28 timing npm:load:timers Completed in 0ms
29 timing npm:load:configScope Completed in 0ms
30 timing npm:load Completed in 51ms
31 timing arborist:ctor Completed in 1ms
32 silly logfile start cleaning logs, removing 1 files
33 silly logfile done cleaning log files
34 timing idealTree:init Completed in 37ms
35 timing arborist:ctor Completed in 1ms
36 http fetch GET 200 https://registry.npmjs.org/@types%2fchai 468ms (cache revalidated)
37 timing idealTree:userRequests Completed in 482ms
38 silly idealTree buildDeps
39 silly fetch manifest @types/chai@4.3.5
40 silly placeDep ROOT @types/chai@4.3.5 REPLACE for:  want: 4.3.5
41 timing idealTree:#root Completed in 11ms
42 timing idealTree:node_modules/@types/chai Completed in 0ms
43 timing idealTree:buildDeps Completed in 12ms
44 timing idealTree:fixDepFlags Completed in 0ms
45 timing idealTree Completed in 535ms
46 timing reify:loadTrees Completed in 537ms
47 timing reify:diffTrees Completed in 2ms
48 silly reify moves {}
49 timing reify:retireShallow Completed in 2ms
50 timing reify:createSparse Completed in 0ms
51 timing reify:loadBundles Completed in 0ms
52 silly audit bulk request {
52 silly audit   '@types/d': [ '1.0.1' ],
52 silly audit   '@types/death': [ '1.1.2' ],
52 silly audit   'types-registry': [ '0.1.655' ],
52 silly audit   '@types/chai': [ '4.3.5' ]
52 silly audit }
53 timing reify:unpack Completed in 1ms
54 timing reify:unretire Completed in 0ms
55 timing build:queue Completed in 0ms
56 timing build:deps Completed in 1ms
57 timing build Completed in 1ms
58 timing reify:build Completed in 1ms
59 timing reify:trash Completed in 0ms
60 timing reify:save Completed in 11ms
61 http fetch POST 200 https://registry.npmjs.org/-/npm/v1/security/advisories/bulk 486ms
62 timing auditReport:getReport Completed in 490ms
63 silly audit report {}
64 timing auditReport:init Completed in 0ms
65 timing reify:audit Completed in 490ms
66 timing reify Completed in 1042ms
67 timing command:install Completed in 1049ms
68 verbose exit 0
69 timing npm Completed in 1387ms
70 info ok
