0 verbose cli /home/yaryhin/.nvm/versions/node/v18.17.0/bin/node /home/yaryhin/.nvm/versions/node/v18.17.0/bin/npm
1 info using npm@9.6.7
2 info using node@v18.17.0
3 timing npm:load:whichnode Completed in 2ms
4 timing config:load:defaults Completed in 1ms
5 timing config:load:file:/home/yaryhin/.nvm/versions/node/v18.17.0/lib/node_modules/npm/npmrc Completed in 3ms
6 timing config:load:builtin Completed in 3ms
7 timing config:load:cli Completed in 2ms
8 timing config:load:env Completed in 0ms
9 timing config:load:file:/home/yaryhin/.cache/typescript/5.1/.npmrc Completed in 0ms
10 timing config:load:project Completed in 3ms
11 timing config:load:file:/home/yaryhin/.npmrc Completed in 0ms
12 timing config:load:user Completed in 1ms
13 timing config:load:file:/home/yaryhin/.nvm/versions/node/v18.17.0/etc/npmrc Completed in 0ms
14 timing config:load:global Completed in 0ms
15 timing config:load:setEnvs Completed in 1ms
16 timing config:load Completed in 11ms
17 timing npm:load:configload Completed in 11ms
18 timing npm:load:mkdirpcache Completed in 0ms
19 timing npm:load:mkdirplogs Completed in 0ms
20 verbose title npm install @types/d@ts5.1
21 verbose argv "install" "--ignore-scripts" "@types/d@ts5.1" "--save-dev" "--user-agent" "typesInstaller/5.1.6"
22 timing npm:load:setTitle Completed in 1ms
23 timing config:load:flatten Completed in 2ms
24 timing npm:load:display Completed in 3ms
25 verbose logfile logs-max:10 dir:/home/yaryhin/.npm/_logs/2023-08-07T08_44_47_008Z-
26 verbose logfile /home/yaryhin/.npm/_logs/2023-08-07T08_44_47_008Z-debug-0.log
27 timing npm:load:logFile Completed in 6ms
28 timing npm:load:timers Completed in 0ms
29 timing npm:load:configScope Completed in 0ms
30 timing npm:load Completed in 23ms
31 timing arborist:ctor Completed in 1ms
32 silly logfile done cleaning log files
33 timing idealTree:init Completed in 20ms
34 timing arborist:ctor Completed in 0ms
35 http fetch GET 200 https://registry.npmjs.org/@types%2fd 1617ms (cache miss)
36 timing idealTree:userRequests Completed in 1621ms
37 silly idealTree buildDeps
38 silly fetch manifest @types/d@1.0.1
39 silly placeDep ROOT @types/d@1.0.1 OK for:  want: 1.0.1
40 timing idealTree:#root Completed in 4ms
41 timing idealTree:node_modules/@types/d Completed in 0ms
42 timing idealTree:buildDeps Completed in 5ms
43 timing idealTree:fixDepFlags Completed in 0ms
44 timing idealTree Completed in 1647ms
45 timing reify:loadTrees Completed in 1648ms
46 timing reify:diffTrees Completed in 1ms
47 silly reify moves {}
48 timing reify:retireShallow Completed in 1ms
49 timing reify:createSparse Completed in 1ms
50 timing reify:loadBundles Completed in 0ms
51 silly audit bulk request {
51 silly audit   '@types/death': [ '1.1.2' ],
51 silly audit   'types-registry': [ '0.1.655' ],
51 silly audit   '@types/d': [ '1.0.1' ]
51 silly audit }
52 silly tarball no local data for @types/d@https://registry.npmjs.org/@types/d/-/d-1.0.1.tgz. Extracting by manifest.
53 http fetch GET 200 https://registry.npmjs.org/@types/d/-/d-1.0.1.tgz 839ms (cache miss)
54 timing reifyNode:node_modules/@types/d Completed in 843ms
55 timing reify:unpack Completed in 844ms
56 timing reify:unretire Completed in 0ms
57 timing build:queue Completed in 0ms
58 timing build:deps Completed in 0ms
59 timing build Completed in 0ms
60 timing reify:build Completed in 0ms
61 timing reify:trash Completed in 0ms
62 timing reify:save Completed in 4ms
63 http fetch POST 200 https://registry.npmjs.org/-/npm/v1/security/advisories/bulk 2533ms
64 timing auditReport:getReport Completed in 2535ms
65 silly audit report {}
66 timing auditReport:init Completed in 0ms
67 timing reify:audit Completed in 2536ms
68 timing reify Completed in 4191ms
69 silly ADD node_modules/@types/d
70 timing command:install Completed in 4195ms
71 verbose exit 0
72 timing npm Completed in 4340ms
73 info ok
