2023-08-09 10:12:28.210 [info] Extension host with pid 824 started
2023-08-09 10:12:28.215 [error] Error: EEXIST: file already exists, open '/home/yaryhin/.vscode-server/data/User/workspaceStorage/be2dd2873fe257a7b312ffa5aef22c4c/vscode.lock'
2023-08-09 10:12:28.223 [info] Lock '/home/yaryhin/.vscode-server/data/User/workspaceStorage/be2dd2873fe257a7b312ffa5aef22c4c/vscode.lock': Could not acquire lock, checking if the file is stale.
2023-08-09 10:12:28.230 [info] Lock '/home/yaryhin/.vscode-server/data/User/workspaceStorage/be2dd2873fe257a7b312ffa5aef22c4c/vscode.lock': The pid 892 appears to be gone.
2023-08-09 10:12:28.230 [info] Lock '/home/yaryhin/.vscode-server/data/User/workspaceStorage/be2dd2873fe257a7b312ffa5aef22c4c/vscode.lock': Deleting a stale lock.
2023-08-09 10:12:28.252 [info] Lock '/home/yaryhin/.vscode-server/data/User/workspaceStorage/be2dd2873fe257a7b312ffa5aef22c4c/vscode.lock': Lock acquired.
2023-08-09 10:12:28.296 [info] ExtensionService#_doActivateExtension vscode.typescript-language-features, startup: false, activationEvent: 'onLanguage:javascript'
2023-08-09 10:12:28.299 [info] ExtensionService#_doActivateExtension vscode.emmet, startup: false, activationEvent: 'onLanguage'
2023-08-09 10:12:28.694 [info] ExtensionService#_doActivateExtension vscode.git-base, startup: true, activationEvent: '*', root cause: vscode.git
2023-08-09 10:12:28.706 [info] ExtensionService#_doActivateExtension vscode.npm, startup: true, activationEvent: 'workspaceContains:package.json'
2023-08-09 10:12:28.766 [info] ExtensionService#_doActivateExtension vscode.git, startup: true, activationEvent: '*'
2023-08-09 10:12:28.767 [info] ExtensionService#_doActivateExtension vscode.github, startup: true, activationEvent: '*'
2023-08-09 10:12:29.447 [info] ExtensionService#_doActivateExtension NomicFoundation.hardhat-solidity, startup: true, activationEvent: 'workspaceContains:**/hardhat.config.{ts,js},**/foundry.toml,**/truffle-config.js,**/ape-config.yaml'
2023-08-09 10:12:30.157 [info] Eager extensions activated
2023-08-09 10:12:30.157 [info] ExtensionService#_doActivateExtension vscode.debug-auto-launch, startup: false, activationEvent: 'onStartupFinished'
2023-08-09 10:12:30.158 [info] ExtensionService#_doActivateExtension vscode.merge-conflict, startup: false, activationEvent: 'onStartupFinished'
2023-08-09 11:48:19.056 [info] ExtensionService#_doActivateExtension vscode.extension-editing, startup: false, activationEvent: 'onLanguage:json'
2023-08-09 11:48:19.058 [info] ExtensionService#_doActivateExtension vscode.json-language-features, startup: false, activationEvent: 'onLanguage:json'
2023-08-09 12:53:19.322 [info] ExtensionService#_doActivateExtension vscode.markdown-language-features, startup: false, activationEvent: 'onLanguage:markdown'
2023-08-09 12:53:19.662 [info] ExtensionService#_doActivateExtension vscode.markdown-math, startup: false, activationEvent: 'api', root cause: vscode.markdown-language-features
2023-08-09 14:05:44.820 [info] Extension host terminating: received terminate message from renderer
2023-08-09 14:05:44.821 [info] Lock '/home/yaryhin/.vscode-server/data/User/workspaceStorage/be2dd2873fe257a7b312ffa5aef22c4c/vscode.lock': Marking the lockfile as scheduled to be released in 6000 ms.
2023-08-09 14:05:44.976 [info] Extension host with pid 824 exiting with code 0
