2023-08-10 19:36:29.266 [info] Log level: Info
2023-08-10 19:36:29.266 [info] Validating found git in: "git"
2023-08-10 19:36:29.266 [info] Using git "2.34.1" from "git"
2023-08-10 19:36:29.306 [info] > git rev-parse --show-toplevel [50ms]
2023-08-10 19:36:29.307 [info] fatal: not a git repository (or any parent up to mount point /mnt)
Stopping at filesystem boundary (GIT_DISCOVERY_ACROSS_FILESYSTEM not set).
2023-08-10 19:36:29.527 [info] > git rev-parse --show-toplevel [106ms]
2023-08-10 19:36:29.528 [info] fatal: not a git repository (or any parent up to mount point /mnt)
Stopping at filesystem boundary (GIT_DISCOVERY_ACROSS_FILESYSTEM not set).
2023-08-10 19:36:29.712 [info] > git rev-parse --show-toplevel [154ms]
2023-08-10 19:36:29.712 [info] fatal: not a git repository (or any parent up to mount point /mnt)
Stopping at filesystem boundary (GIT_DISCOVERY_ACROSS_FILESYSTEM not set).
2023-08-10 19:36:29.872 [info] > git rev-parse --show-toplevel [139ms]
2023-08-10 19:36:29.872 [info] fatal: not a git repository (or any parent up to mount point /mnt)
Stopping at filesystem boundary (GIT_DISCOVERY_ACROSS_FILESYSTEM not set).
2023-08-10 19:36:29.972 [info] > git rev-parse --show-toplevel [84ms]
2023-08-10 19:36:29.972 [info] fatal: not a git repository (or any parent up to mount point /mnt)
Stopping at filesystem boundary (GIT_DISCOVERY_ACROSS_FILESYSTEM not set).
2023-08-10 19:36:30.035 [info] > git rev-parse --show-toplevel [20ms]
2023-08-10 19:36:30.035 [info] fatal: not a git repository (or any parent up to mount point /mnt)
Stopping at filesystem boundary (GIT_DISCOVERY_ACROSS_FILESYSTEM not set).
2023-08-10 19:36:30.073 [info] > git rev-parse --show-toplevel [24ms]
2023-08-10 19:36:30.073 [info] fatal: not a git repository (or any parent up to mount point /mnt)
Stopping at filesystem boundary (GIT_DISCOVERY_ACROSS_FILESYSTEM not set).
2023-08-10 19:36:30.099 [info] > git rev-parse --show-toplevel [14ms]
2023-08-10 19:36:30.099 [info] fatal: not a git repository (or any parent up to mount point /mnt)
Stopping at filesystem boundary (GIT_DISCOVERY_ACROSS_FILESYSTEM not set).
2023-08-10 19:36:30.124 [info] > git rev-parse --show-toplevel [14ms]
2023-08-10 19:36:30.124 [info] fatal: not a git repository (or any parent up to mount point /mnt)
Stopping at filesystem boundary (GIT_DISCOVERY_ACROSS_FILESYSTEM not set).
2023-08-10 19:36:30.147 [info] > git rev-parse --show-toplevel [14ms]
2023-08-10 19:36:30.147 [info] fatal: not a git repository (or any parent up to mount point /mnt)
Stopping at filesystem boundary (GIT_DISCOVERY_ACROSS_FILESYSTEM not set).
2023-08-10 19:39:27.560 [info] > git rev-parse --show-toplevel [10ms]
2023-08-10 19:39:27.560 [info] fatal: not a git repository (or any parent up to mount point /mnt)
Stopping at filesystem boundary (GIT_DISCOVERY_ACROSS_FILESYSTEM not set).
2023-08-10 19:39:55.357 [info] > git rev-parse --show-toplevel [7ms]
2023-08-10 19:39:55.357 [info] fatal: not a git repository (or any parent up to mount point /mnt)
Stopping at filesystem boundary (GIT_DISCOVERY_ACROSS_FILESYSTEM not set).
2023-08-10 19:40:03.471 [info] > git rev-parse --show-toplevel [8ms]
2023-08-10 19:40:03.471 [info] fatal: not a git repository (or any parent up to mount point /mnt)
Stopping at filesystem boundary (GIT_DISCOVERY_ACROSS_FILESYSTEM not set).
2023-08-10 19:45:24.815 [info] > git rev-parse --show-toplevel [16ms]
2023-08-10 19:45:24.815 [info] fatal: not a git repository (or any parent up to mount point /mnt)
Stopping at filesystem boundary (GIT_DISCOVERY_ACROSS_FILESYSTEM not set).
2023-08-10 19:45:34.244 [info] > git rev-parse --show-toplevel [10ms]
2023-08-10 19:45:34.244 [info] fatal: not a git repository (or any parent up to mount point /mnt)
Stopping at filesystem boundary (GIT_DISCOVERY_ACROSS_FILESYSTEM not set).
2023-08-10 19:47:15.532 [info] > git rev-parse --show-toplevel [9ms]
2023-08-10 19:47:15.532 [info] fatal: not a git repository (or any parent up to mount point /mnt)
Stopping at filesystem boundary (GIT_DISCOVERY_ACROSS_FILESYSTEM not set).
2023-08-10 19:49:57.425 [info] > git rev-parse --show-toplevel [15ms]
2023-08-10 19:49:57.425 [info] fatal: not a git repository (or any parent up to mount point /mnt)
Stopping at filesystem boundary (GIT_DISCOVERY_ACROSS_FILESYSTEM not set).
2023-08-10 19:50:51.454 [info] > git rev-parse --show-toplevel [10ms]
2023-08-10 19:50:51.454 [info] fatal: not a git repository (or any parent up to mount point /mnt)
Stopping at filesystem boundary (GIT_DISCOVERY_ACROSS_FILESYSTEM not set).
2023-08-10 19:50:54.322 [info] > git rev-parse --show-toplevel [15ms]
2023-08-10 19:50:54.322 [info] fatal: not a git repository (or any parent up to mount point /mnt)
Stopping at filesystem boundary (GIT_DISCOVERY_ACROSS_FILESYSTEM not set).
2023-08-10 19:50:55.315 [info] > git rev-parse --show-toplevel [9ms]
2023-08-10 19:50:55.315 [info] fatal: not a git repository (or any parent up to mount point /mnt)
Stopping at filesystem boundary (GIT_DISCOVERY_ACROSS_FILESYSTEM not set).
