2023-08-08 14:56:42.597 [info] Log level: Info
2023-08-08 14:56:42.597 [info] Validating found git in: "git"
2023-08-08 14:56:42.597 [info] Using git "2.34.1" from "git"
2023-08-08 14:56:42.597 [info] > git rev-parse --show-toplevel [15ms]
2023-08-08 14:56:42.597 [info] fatal: not a git repository (or any parent up to mount point /mnt)
Stopping at filesystem boundary (GIT_DISCOVERY_ACROSS_FILESYSTEM not set).
2023-08-08 14:56:42.605 [info] > git rev-parse --show-toplevel [20ms]
2023-08-08 14:56:42.605 [info] fatal: not a git repository (or any parent up to mount point /mnt)
Stopping at filesystem boundary (GIT_DISCOVERY_ACROSS_FILESYSTEM not set).
2023-08-08 14:56:42.712 [info] > git rev-parse --show-toplevel [93ms]
2023-08-08 14:56:42.712 [info] fatal: not a git repository (or any parent up to mount point /mnt)
Stopping at filesystem boundary (GIT_DISCOVERY_ACROSS_FILESYSTEM not set).
2023-08-08 14:56:42.771 [info] > git rev-parse --show-toplevel [24ms]
2023-08-08 14:56:42.771 [info] fatal: not a git repository (or any parent up to mount point /mnt)
Stopping at filesystem boundary (GIT_DISCOVERY_ACROSS_FILESYSTEM not set).
2023-08-08 14:56:42.803 [info] > git rev-parse --show-toplevel [18ms]
2023-08-08 14:56:42.803 [info] fatal: not a git repository (or any parent up to mount point /mnt)
Stopping at filesystem boundary (GIT_DISCOVERY_ACROSS_FILESYSTEM not set).
2023-08-08 14:56:42.879 [info] > git rev-parse --show-toplevel [56ms]
2023-08-08 14:56:42.879 [info] fatal: not a git repository (or any parent up to mount point /mnt)
Stopping at filesystem boundary (GIT_DISCOVERY_ACROSS_FILESYSTEM not set).
2023-08-08 14:56:43.006 [info] > git rev-parse --show-toplevel [111ms]
2023-08-08 14:56:43.006 [info] fatal: not a git repository (or any parent up to mount point /mnt)
Stopping at filesystem boundary (GIT_DISCOVERY_ACROSS_FILESYSTEM not set).
2023-08-08 14:56:43.255 [info] > git rev-parse --show-toplevel [220ms]
2023-08-08 14:56:43.255 [info] fatal: not a git repository (or any parent up to mount point /mnt)
Stopping at filesystem boundary (GIT_DISCOVERY_ACROSS_FILESYSTEM not set).
2023-08-08 14:56:43.377 [info] > git rev-parse --show-toplevel [103ms]
2023-08-08 14:56:43.377 [info] fatal: not a git repository (or any parent up to mount point /mnt)
Stopping at filesystem boundary (GIT_DISCOVERY_ACROSS_FILESYSTEM not set).
2023-08-08 14:56:44.117 [info] > git rev-parse --show-toplevel [16ms]
2023-08-08 14:56:44.117 [info] fatal: not a git repository (or any parent up to mount point /mnt)
Stopping at filesystem boundary (GIT_DISCOVERY_ACROSS_FILESYSTEM not set).
2023-08-08 14:56:45.896 [info] > git rev-parse --show-toplevel [66ms]
2023-08-08 14:56:45.896 [info] fatal: not a git repository (or any parent up to mount point /mnt)
Stopping at filesystem boundary (GIT_DISCOVERY_ACROSS_FILESYSTEM not set).
2023-08-08 15:01:36.553 [info] > git rev-parse --show-toplevel [9ms]
2023-08-08 15:01:36.553 [info] fatal: not a git repository (or any parent up to mount point /mnt)
Stopping at filesystem boundary (GIT_DISCOVERY_ACROSS_FILESYSTEM not set).
2023-08-08 15:01:45.639 [info] > git rev-parse --show-toplevel [12ms]
2023-08-08 15:01:45.639 [info] fatal: not a git repository (or any parent up to mount point /mnt)
Stopping at filesystem boundary (GIT_DISCOVERY_ACROSS_FILESYSTEM not set).
2023-08-08 15:02:08.966 [info] > git rev-parse --show-toplevel [17ms]
2023-08-08 15:02:08.966 [info] fatal: not a git repository (or any parent up to mount point /mnt)
Stopping at filesystem boundary (GIT_DISCOVERY_ACROSS_FILESYSTEM not set).
2023-08-08 15:02:22.229 [info] > git rev-parse --show-toplevel [33ms]
2023-08-08 15:02:22.229 [info] fatal: not a git repository (or any parent up to mount point /mnt)
Stopping at filesystem boundary (GIT_DISCOVERY_ACROSS_FILESYSTEM not set).
2023-08-08 15:10:19.210 [info] > git rev-parse --show-toplevel [11ms]
2023-08-08 15:10:19.210 [info] fatal: not a git repository (or any parent up to mount point /mnt)
Stopping at filesystem boundary (GIT_DISCOVERY_ACROSS_FILESYSTEM not set).
2023-08-08 15:12:40.110 [info] > git rev-parse --show-toplevel [9ms]
2023-08-08 15:12:40.110 [info] fatal: not a git repository (or any parent up to mount point /mnt)
Stopping at filesystem boundary (GIT_DISCOVERY_ACROSS_FILESYSTEM not set).
2023-08-08 15:12:48.803 [info] > git rev-parse --show-toplevel [7ms]
2023-08-08 15:12:48.803 [info] fatal: not a git repository (or any parent up to mount point /mnt)
Stopping at filesystem boundary (GIT_DISCOVERY_ACROSS_FILESYSTEM not set).
2023-08-08 15:12:49.535 [info] > git rev-parse --show-toplevel [8ms]
2023-08-08 15:12:49.535 [info] fatal: not a git repository (or any parent up to mount point /mnt)
Stopping at filesystem boundary (GIT_DISCOVERY_ACROSS_FILESYSTEM not set).
2023-08-08 15:17:31.323 [info] > git rev-parse --show-toplevel [9ms]
2023-08-08 15:17:31.323 [info] fatal: not a git repository (or any parent up to mount point /mnt)
Stopping at filesystem boundary (GIT_DISCOVERY_ACROSS_FILESYSTEM not set).
2023-08-08 15:18:24.351 [info] > git rev-parse --show-toplevel [13ms]
2023-08-08 15:18:24.351 [info] fatal: not a git repository (or any parent up to mount point /mnt)
Stopping at filesystem boundary (GIT_DISCOVERY_ACROSS_FILESYSTEM not set).
2023-08-08 15:20:49.496 [info] > git rev-parse --show-toplevel [10ms]
2023-08-08 15:20:49.496 [info] fatal: not a git repository (or any parent up to mount point /mnt)
Stopping at filesystem boundary (GIT_DISCOVERY_ACROSS_FILESYSTEM not set).
2023-08-08 15:23:21.882 [info] > git rev-parse --show-toplevel [10ms]
2023-08-08 15:23:21.882 [info] fatal: not a git repository (or any parent up to mount point /mnt)
Stopping at filesystem boundary (GIT_DISCOVERY_ACROSS_FILESYSTEM not set).
2023-08-08 15:31:32.035 [info] > git rev-parse --show-toplevel [13ms]
2023-08-08 15:31:32.035 [info] fatal: not a git repository (or any parent up to mount point /mnt)
Stopping at filesystem boundary (GIT_DISCOVERY_ACROSS_FILESYSTEM not set).
2023-08-08 15:32:40.757 [info] > git rev-parse --show-toplevel [12ms]
2023-08-08 15:32:40.757 [info] fatal: not a git repository (or any parent up to mount point /mnt)
Stopping at filesystem boundary (GIT_DISCOVERY_ACROSS_FILESYSTEM not set).
2023-08-08 15:34:25.355 [info] > git rev-parse --show-toplevel [10ms]
2023-08-08 15:34:25.355 [info] fatal: not a git repository (or any parent up to mount point /mnt)
Stopping at filesystem boundary (GIT_DISCOVERY_ACROSS_FILESYSTEM not set).
2023-08-08 15:35:47.679 [info] > git rev-parse --show-toplevel [10ms]
2023-08-08 15:35:47.679 [info] fatal: not a git repository (or any parent up to mount point /mnt)
Stopping at filesystem boundary (GIT_DISCOVERY_ACROSS_FILESYSTEM not set).
2023-08-08 15:40:14.624 [info] > git rev-parse --show-toplevel [9ms]
2023-08-08 15:40:14.624 [info] fatal: not a git repository (or any parent up to mount point /mnt)
Stopping at filesystem boundary (GIT_DISCOVERY_ACROSS_FILESYSTEM not set).
2023-08-08 15:45:22.966 [info] > git rev-parse --show-toplevel [9ms]
2023-08-08 15:45:22.966 [info] fatal: not a git repository (or any parent up to mount point /mnt)
Stopping at filesystem boundary (GIT_DISCOVERY_ACROSS_FILESYSTEM not set).
2023-08-08 15:46:21.340 [info] > git rev-parse --show-toplevel [10ms]
2023-08-08 15:46:21.340 [info] fatal: not a git repository (or any parent up to mount point /mnt)
Stopping at filesystem boundary (GIT_DISCOVERY_ACROSS_FILESYSTEM not set).
2023-08-08 15:46:50.652 [info] > git rev-parse --show-toplevel [13ms]
2023-08-08 15:46:50.652 [info] fatal: not a git repository (or any parent up to mount point /mnt)
Stopping at filesystem boundary (GIT_DISCOVERY_ACROSS_FILESYSTEM not set).
2023-08-08 15:47:09.526 [info] > git rev-parse --show-toplevel [12ms]
2023-08-08 15:47:09.526 [info] fatal: not a git repository (or any parent up to mount point /mnt)
Stopping at filesystem boundary (GIT_DISCOVERY_ACROSS_FILESYSTEM not set).
2023-08-08 15:47:14.116 [info] > git rev-parse --show-toplevel [8ms]
2023-08-08 15:47:14.116 [info] fatal: not a git repository (or any parent up to mount point /mnt)
Stopping at filesystem boundary (GIT_DISCOVERY_ACROSS_FILESYSTEM not set).
2023-08-08 15:49:39.157 [info] > git rev-parse --show-toplevel [11ms]
2023-08-08 15:49:39.157 [info] fatal: not a git repository (or any parent up to mount point /mnt)
Stopping at filesystem boundary (GIT_DISCOVERY_ACROSS_FILESYSTEM not set).
2023-08-08 15:50:15.270 [info] > git rev-parse --show-toplevel [8ms]
2023-08-08 15:50:15.270 [info] fatal: not a git repository (or any parent up to mount point /mnt)
Stopping at filesystem boundary (GIT_DISCOVERY_ACROSS_FILESYSTEM not set).
2023-08-08 15:52:44.987 [info] > git rev-parse --show-toplevel [8ms]
2023-08-08 15:52:44.987 [info] fatal: not a git repository (or any parent up to mount point /mnt)
Stopping at filesystem boundary (GIT_DISCOVERY_ACROSS_FILESYSTEM not set).
2023-08-08 15:53:22.717 [info] > git rev-parse --show-toplevel [7ms]
2023-08-08 15:53:22.717 [info] fatal: not a git repository (or any parent up to mount point /mnt)
Stopping at filesystem boundary (GIT_DISCOVERY_ACROSS_FILESYSTEM not set).
2023-08-08 15:53:29.012 [info] > git rev-parse --show-toplevel [8ms]
2023-08-08 15:53:29.012 [info] fatal: not a git repository (or any parent up to mount point /mnt)
Stopping at filesystem boundary (GIT_DISCOVERY_ACROSS_FILESYSTEM not set).
2023-08-08 16:58:50.740 [info] > git rev-parse --show-toplevel [22ms]
2023-08-08 16:58:50.742 [info] fatal: not a git repository (or any parent up to mount point /mnt)
Stopping at filesystem boundary (GIT_DISCOVERY_ACROSS_FILESYSTEM not set).
2023-08-08 17:05:19.845 [info] > git rev-parse --show-toplevel [10ms]
2023-08-08 17:05:19.845 [info] fatal: not a git repository (or any parent up to mount point /mnt)
Stopping at filesystem boundary (GIT_DISCOVERY_ACROSS_FILESYSTEM not set).
2023-08-08 17:07:13.049 [info] > git rev-parse --show-toplevel [14ms]
2023-08-08 17:07:13.049 [info] fatal: not a git repository (or any parent up to mount point /mnt)
Stopping at filesystem boundary (GIT_DISCOVERY_ACROSS_FILESYSTEM not set).
2023-08-08 17:07:42.593 [info] > git rev-parse --show-toplevel [9ms]
2023-08-08 17:07:42.593 [info] fatal: not a git repository (or any parent up to mount point /mnt)
Stopping at filesystem boundary (GIT_DISCOVERY_ACROSS_FILESYSTEM not set).
2023-08-08 17:08:31.703 [info] > git rev-parse --show-toplevel [10ms]
2023-08-08 17:08:31.703 [info] fatal: not a git repository (or any parent up to mount point /mnt)
Stopping at filesystem boundary (GIT_DISCOVERY_ACROSS_FILESYSTEM not set).
2023-08-08 17:11:49.579 [info] > git rev-parse --show-toplevel [12ms]
2023-08-08 17:11:49.579 [info] fatal: not a git repository (or any parent up to mount point /mnt)
Stopping at filesystem boundary (GIT_DISCOVERY_ACROSS_FILESYSTEM not set).
2023-08-08 17:15:05.514 [info] > git rev-parse --show-toplevel [11ms]
2023-08-08 17:15:05.514 [info] fatal: not a git repository (or any parent up to mount point /mnt)
Stopping at filesystem boundary (GIT_DISCOVERY_ACROSS_FILESYSTEM not set).
2023-08-08 17:15:07.420 [info] > git rev-parse --show-toplevel [12ms]
2023-08-08 17:15:07.420 [info] fatal: not a git repository (or any parent up to mount point /mnt)
Stopping at filesystem boundary (GIT_DISCOVERY_ACROSS_FILESYSTEM not set).
2023-08-08 17:15:45.349 [info] > git rev-parse --show-toplevel [9ms]
2023-08-08 17:15:45.349 [info] fatal: not a git repository (or any parent up to mount point /mnt)
Stopping at filesystem boundary (GIT_DISCOVERY_ACROSS_FILESYSTEM not set).
2023-08-08 17:16:21.752 [info] > git rev-parse --show-toplevel [10ms]
2023-08-08 17:16:21.752 [info] fatal: not a git repository (or any parent up to mount point /mnt)
Stopping at filesystem boundary (GIT_DISCOVERY_ACROSS_FILESYSTEM not set).
2023-08-08 17:16:46.267 [info] > git rev-parse --show-toplevel [11ms]
2023-08-08 17:16:46.267 [info] fatal: not a git repository (or any parent up to mount point /mnt)
Stopping at filesystem boundary (GIT_DISCOVERY_ACROSS_FILESYSTEM not set).
2023-08-08 17:16:48.246 [info] > git rev-parse --show-toplevel [9ms]
2023-08-08 17:16:48.246 [info] fatal: not a git repository (or any parent up to mount point /mnt)
Stopping at filesystem boundary (GIT_DISCOVERY_ACROSS_FILESYSTEM not set).
2023-08-08 17:17:37.923 [info] > git rev-parse --show-toplevel [9ms]
2023-08-08 17:17:37.923 [info] fatal: not a git repository (or any parent up to mount point /mnt)
Stopping at filesystem boundary (GIT_DISCOVERY_ACROSS_FILESYSTEM not set).
2023-08-08 17:21:01.508 [info] > git rev-parse --show-toplevel [8ms]
2023-08-08 17:21:01.508 [info] fatal: not a git repository (or any parent up to mount point /mnt)
Stopping at filesystem boundary (GIT_DISCOVERY_ACROSS_FILESYSTEM not set).
2023-08-08 17:21:43.738 [info] > git rev-parse --show-toplevel [11ms]
2023-08-08 17:21:43.738 [info] fatal: not a git repository (or any parent up to mount point /mnt)
Stopping at filesystem boundary (GIT_DISCOVERY_ACROSS_FILESYSTEM not set).
2023-08-08 17:28:24.829 [info] > git rev-parse --show-toplevel [9ms]
2023-08-08 17:28:24.829 [info] fatal: not a git repository (or any parent up to mount point /mnt)
Stopping at filesystem boundary (GIT_DISCOVERY_ACROSS_FILESYSTEM not set).
2023-08-08 17:28:34.330 [info] > git rev-parse --show-toplevel [8ms]
2023-08-08 17:28:34.330 [info] fatal: not a git repository (or any parent up to mount point /mnt)
Stopping at filesystem boundary (GIT_DISCOVERY_ACROSS_FILESYSTEM not set).
2023-08-08 17:29:18.412 [info] > git rev-parse --show-toplevel [8ms]
2023-08-08 17:29:18.412 [info] fatal: not a git repository (or any parent up to mount point /mnt)
Stopping at filesystem boundary (GIT_DISCOVERY_ACROSS_FILESYSTEM not set).
2023-08-08 17:29:20.364 [info] > git rev-parse --show-toplevel [11ms]
2023-08-08 17:29:20.364 [info] fatal: not a git repository (or any parent up to mount point /mnt)
Stopping at filesystem boundary (GIT_DISCOVERY_ACROSS_FILESYSTEM not set).
2023-08-08 17:29:21.027 [info] > git rev-parse --show-toplevel [9ms]
2023-08-08 17:29:21.027 [info] fatal: not a git repository (or any parent up to mount point /mnt)
Stopping at filesystem boundary (GIT_DISCOVERY_ACROSS_FILESYSTEM not set).
2023-08-08 17:29:26.886 [info] > git rev-parse --show-toplevel [9ms]
2023-08-08 17:29:26.886 [info] fatal: not a git repository (or any parent up to mount point /mnt)
Stopping at filesystem boundary (GIT_DISCOVERY_ACROSS_FILESYSTEM not set).
2023-08-08 17:31:17.460 [info] > git rev-parse --show-toplevel [11ms]
2023-08-08 17:31:17.460 [info] fatal: not a git repository (or any parent up to mount point /mnt)
Stopping at filesystem boundary (GIT_DISCOVERY_ACROSS_FILESYSTEM not set).
2023-08-08 17:34:21.686 [info] > git rev-parse --show-toplevel [8ms]
2023-08-08 17:34:21.686 [info] fatal: not a git repository (or any parent up to mount point /mnt)
Stopping at filesystem boundary (GIT_DISCOVERY_ACROSS_FILESYSTEM not set).
2023-08-08 17:34:30.933 [info] > git rev-parse --show-toplevel [9ms]
2023-08-08 17:34:30.933 [info] fatal: not a git repository (or any parent up to mount point /mnt)
Stopping at filesystem boundary (GIT_DISCOVERY_ACROSS_FILESYSTEM not set).
2023-08-08 17:34:42.542 [info] > git rev-parse --show-toplevel [11ms]
2023-08-08 17:34:42.542 [info] fatal: not a git repository (or any parent up to mount point /mnt)
Stopping at filesystem boundary (GIT_DISCOVERY_ACROSS_FILESYSTEM not set).
2023-08-08 17:41:08.741 [info] > git rev-parse --show-toplevel [9ms]
2023-08-08 17:41:08.741 [info] fatal: not a git repository (or any parent up to mount point /mnt)
Stopping at filesystem boundary (GIT_DISCOVERY_ACROSS_FILESYSTEM not set).
2023-08-08 17:46:41.571 [info] > git rev-parse --show-toplevel [14ms]
2023-08-08 17:46:41.572 [info] fatal: not a git repository (or any parent up to mount point /mnt)
Stopping at filesystem boundary (GIT_DISCOVERY_ACROSS_FILESYSTEM not set).
2023-08-08 17:49:12.143 [info] > git rev-parse --show-toplevel [12ms]
2023-08-08 17:49:12.143 [info] fatal: not a git repository (or any parent up to mount point /mnt)
Stopping at filesystem boundary (GIT_DISCOVERY_ACROSS_FILESYSTEM not set).
2023-08-08 17:49:45.641 [info] > git rev-parse --show-toplevel [12ms]
2023-08-08 17:49:45.641 [info] fatal: not a git repository (or any parent up to mount point /mnt)
Stopping at filesystem boundary (GIT_DISCOVERY_ACROSS_FILESYSTEM not set).
2023-08-08 17:49:54.315 [info] > git rev-parse --show-toplevel [10ms]
2023-08-08 17:49:54.315 [info] fatal: not a git repository (or any parent up to mount point /mnt)
Stopping at filesystem boundary (GIT_DISCOVERY_ACROSS_FILESYSTEM not set).
2023-08-08 17:49:58.346 [info] > git rev-parse --show-toplevel [8ms]
2023-08-08 17:49:58.346 [info] fatal: not a git repository (or any parent up to mount point /mnt)
Stopping at filesystem boundary (GIT_DISCOVERY_ACROSS_FILESYSTEM not set).
2023-08-08 17:50:06.699 [info] > git rev-parse --show-toplevel [9ms]
2023-08-08 17:50:06.699 [info] fatal: not a git repository (or any parent up to mount point /mnt)
Stopping at filesystem boundary (GIT_DISCOVERY_ACROSS_FILESYSTEM not set).
2023-08-08 17:50:51.862 [info] > git rev-parse --show-toplevel [15ms]
2023-08-08 17:50:51.862 [info] fatal: not a git repository (or any parent up to mount point /mnt)
Stopping at filesystem boundary (GIT_DISCOVERY_ACROSS_FILESYSTEM not set).
2023-08-08 17:50:58.739 [info] > git rev-parse --show-toplevel [8ms]
2023-08-08 17:50:58.739 [info] fatal: not a git repository (or any parent up to mount point /mnt)
Stopping at filesystem boundary (GIT_DISCOVERY_ACROSS_FILESYSTEM not set).
2023-08-08 17:51:34.661 [info] > git rev-parse --show-toplevel [14ms]
2023-08-08 17:51:34.661 [info] fatal: not a git repository (or any parent up to mount point /mnt)
Stopping at filesystem boundary (GIT_DISCOVERY_ACROSS_FILESYSTEM not set).
2023-08-08 17:52:36.697 [info] > git rev-parse --show-toplevel [10ms]
2023-08-08 17:52:36.697 [info] fatal: not a git repository (or any parent up to mount point /mnt)
Stopping at filesystem boundary (GIT_DISCOVERY_ACROSS_FILESYSTEM not set).
2023-08-08 17:56:47.489 [info] > git rev-parse --show-toplevel [12ms]
2023-08-08 17:56:47.489 [info] fatal: not a git repository (or any parent up to mount point /mnt)
Stopping at filesystem boundary (GIT_DISCOVERY_ACROSS_FILESYSTEM not set).
2023-08-08 17:59:39.838 [info] > git rev-parse --show-toplevel [13ms]
2023-08-08 17:59:39.838 [info] fatal: not a git repository (or any parent up to mount point /mnt)
Stopping at filesystem boundary (GIT_DISCOVERY_ACROSS_FILESYSTEM not set).
2023-08-08 18:00:07.044 [info] > git rev-parse --show-toplevel [10ms]
2023-08-08 18:00:07.044 [info] fatal: not a git repository (or any parent up to mount point /mnt)
Stopping at filesystem boundary (GIT_DISCOVERY_ACROSS_FILESYSTEM not set).
2023-08-08 18:00:49.394 [info] > git rev-parse --show-toplevel [12ms]
2023-08-08 18:00:49.394 [info] fatal: not a git repository (or any parent up to mount point /mnt)
Stopping at filesystem boundary (GIT_DISCOVERY_ACROSS_FILESYSTEM not set).
2023-08-08 18:01:01.549 [info] > git rev-parse --show-toplevel [9ms]
2023-08-08 18:01:01.549 [info] fatal: not a git repository (or any parent up to mount point /mnt)
Stopping at filesystem boundary (GIT_DISCOVERY_ACROSS_FILESYSTEM not set).
2023-08-08 18:01:08.099 [info] > git rev-parse --show-toplevel [9ms]
2023-08-08 18:01:08.099 [info] fatal: not a git repository (or any parent up to mount point /mnt)
Stopping at filesystem boundary (GIT_DISCOVERY_ACROSS_FILESYSTEM not set).
2023-08-08 18:11:23.172 [info] > git rev-parse --show-toplevel [16ms]
2023-08-08 18:11:23.173 [info] fatal: not a git repository (or any parent up to mount point /mnt)
Stopping at filesystem boundary (GIT_DISCOVERY_ACROSS_FILESYSTEM not set).
2023-08-08 18:12:02.148 [info] > git rev-parse --show-toplevel [9ms]
2023-08-08 18:12:02.148 [info] fatal: not a git repository (or any parent up to mount point /mnt)
Stopping at filesystem boundary (GIT_DISCOVERY_ACROSS_FILESYSTEM not set).
2023-08-08 18:15:15.969 [info] > git rev-parse --show-toplevel [14ms]
2023-08-08 18:15:15.969 [info] fatal: not a git repository (or any parent up to mount point /mnt)
Stopping at filesystem boundary (GIT_DISCOVERY_ACROSS_FILESYSTEM not set).
2023-08-08 18:15:24.258 [info] > git rev-parse --show-toplevel [10ms]
2023-08-08 18:15:24.259 [info] fatal: not a git repository (or any parent up to mount point /mnt)
Stopping at filesystem boundary (GIT_DISCOVERY_ACROSS_FILESYSTEM not set).
2023-08-08 18:15:58.450 [info] > git rev-parse --show-toplevel [11ms]
2023-08-08 18:15:58.450 [info] fatal: not a git repository (or any parent up to mount point /mnt)
Stopping at filesystem boundary (GIT_DISCOVERY_ACROSS_FILESYSTEM not set).
2023-08-08 18:20:50.594 [info] > git rev-parse --show-toplevel [10ms]
2023-08-08 18:20:50.594 [info] fatal: not a git repository (or any parent up to mount point /mnt)
Stopping at filesystem boundary (GIT_DISCOVERY_ACROSS_FILESYSTEM not set).
2023-08-08 18:21:06.219 [info] > git rev-parse --show-toplevel [10ms]
2023-08-08 18:21:06.219 [info] fatal: not a git repository (or any parent up to mount point /mnt)
Stopping at filesystem boundary (GIT_DISCOVERY_ACROSS_FILESYSTEM not set).
2023-08-08 18:21:11.112 [info] > git rev-parse --show-toplevel [8ms]
2023-08-08 18:21:11.112 [info] fatal: not a git repository (or any parent up to mount point /mnt)
Stopping at filesystem boundary (GIT_DISCOVERY_ACROSS_FILESYSTEM not set).
2023-08-08 18:21:17.324 [info] > git rev-parse --show-toplevel [8ms]
2023-08-08 18:21:17.324 [info] fatal: not a git repository (or any parent up to mount point /mnt)
Stopping at filesystem boundary (GIT_DISCOVERY_ACROSS_FILESYSTEM not set).
2023-08-08 18:21:23.457 [info] > git rev-parse --show-toplevel [9ms]
2023-08-08 18:21:23.457 [info] fatal: not a git repository (or any parent up to mount point /mnt)
Stopping at filesystem boundary (GIT_DISCOVERY_ACROSS_FILESYSTEM not set).
2023-08-08 18:21:26.139 [info] > git rev-parse --show-toplevel [9ms]
2023-08-08 18:21:26.139 [info] fatal: not a git repository (or any parent up to mount point /mnt)
Stopping at filesystem boundary (GIT_DISCOVERY_ACROSS_FILESYSTEM not set).
2023-08-08 18:21:27.142 [info] > git rev-parse --show-toplevel [8ms]
2023-08-08 18:21:27.142 [info] fatal: not a git repository (or any parent up to mount point /mnt)
Stopping at filesystem boundary (GIT_DISCOVERY_ACROSS_FILESYSTEM not set).
2023-08-08 18:21:29.288 [info] > git rev-parse --show-toplevel [15ms]
2023-08-08 18:21:29.288 [info] fatal: not a git repository (or any parent up to mount point /mnt)
Stopping at filesystem boundary (GIT_DISCOVERY_ACROSS_FILESYSTEM not set).
