[Info  - 9:00:04 PM] Solidity by Nomic Foundation Starting ...
[Info  - 9:00:04 PM] env: production
[Info  - 9:00:05 PM] Client starting
[Info  - 9:00:08 PM] Language server starting
[Info  - 9:00:08 PM]   Release: hardhat-solidity@0.7.3
[Info  - 9:00:08 PM]   Environment: production
[Info  - 9:00:08 PM]   Telemetry Enabled: true
[Info  - 9:00:08 PM]   Telemetry Tracking Id: 62d12970d8...
[Info  - 9:00:08 PM]   Workspace Folders:
[Info  - 9:00:08 PM]     Web-3 (file:///mnt/c/Users/aderh/Programing/Web-3)
[Info  - 9:00:08 PM] Fetching latest solidity versions
[Info  - 9:00:08 PM] Language server ready
[Info  - 9:00:44 PM] [indexing] Found projects:
[Info  - 9:00:44 PM] [indexing] -  Type: Hardhat
[Info  - 9:00:44 PM] [indexing]    Base path: /mnt/c/Users/aderh/Programing/Web-3/hardhat-fund-me
[Info  - 9:00:44 PM] [indexing]    Config file: /mnt/c/Users/aderh/Programing/Web-3/hardhat-fund-me/hardhat.config.js
[Info  - 9:00:44 PM] [indexing] -  Type: Hardhat
[Info  - 9:00:44 PM] [indexing]    Base path: /mnt/c/Users/aderh/Programing/Web-3/hardhat-simple-storage
[Info  - 9:00:44 PM] [indexing]    Config file: /mnt/c/Users/aderh/Programing/Web-3/hardhat-simple-storage/hardhat.config.js
[Info  - 9:00:44 PM] [indexing] Initializing /mnt/c/Users/aderh/Programing/Web-3/hardhat-fund-me/hardhat.config.js
[Info  - 9:01:36 PM] [hardhat-fund-me] Local HRE loaded
[Info  - 9:01:36 PM] [indexing] Done /mnt/c/Users/aderh/Programing/Web-3/hardhat-fund-me/hardhat.config.js
[Info  - 9:01:36 PM] [indexing] Initializing /mnt/c/Users/aderh/Programing/Web-3/hardhat-simple-storage/hardhat.config.js
[Info  - 9:02:02 PM] [hardhat-simple-storage] Local HRE loaded
[Info  - 9:02:02 PM] [indexing] Done /mnt/c/Users/aderh/Programing/Web-3/hardhat-simple-storage/hardhat.config.js
[Info  - 9:02:02 PM] [indexing] Scanning workspace folders for sol files
[Info  - 9:02:20 PM] [indexing] Scan complete, 919 sol files found
[Info  - 9:02:44 PM] [indexing] Analyzing 4 solidity files
