2023-08-10 21:00:04.115 [info] Log level: Info
2023-08-10 21:00:04.115 [info] Validating found git in: "git"
2023-08-10 21:00:04.115 [info] Using git "2.34.1" from "git"
2023-08-10 21:00:04.181 [info] > git rev-parse --show-toplevel [71ms]
2023-08-10 21:00:04.181 [info] fatal: not a git repository (or any parent up to mount point /mnt)
Stopping at filesystem boundary (GIT_DISCOVERY_ACROSS_FILESYSTEM not set).
2023-08-10 21:00:04.221 [info] > git rev-parse --show-toplevel [19ms]
2023-08-10 21:00:04.221 [info] fatal: not a git repository (or any parent up to mount point /mnt)
Stopping at filesystem boundary (GIT_DISCOVERY_ACROSS_FILESYSTEM not set).
2023-08-10 21:00:04.420 [info] > git rev-parse --show-toplevel [184ms]
2023-08-10 21:00:04.420 [info] fatal: not a git repository (or any parent up to mount point /mnt)
Stopping at filesystem boundary (GIT_DISCOVERY_ACROSS_FILESYSTEM not set).
2023-08-10 21:00:04.538 [info] > git rev-parse --show-toplevel [104ms]
2023-08-10 21:00:04.539 [info] fatal: not a git repository (or any parent up to mount point /mnt)
Stopping at filesystem boundary (GIT_DISCOVERY_ACROSS_FILESYSTEM not set).
2023-08-10 21:00:04.571 [info] > git rev-parse --show-toplevel [18ms]
2023-08-10 21:00:04.571 [info] fatal: not a git repository (or any parent up to mount point /mnt)
Stopping at filesystem boundary (GIT_DISCOVERY_ACROSS_FILESYSTEM not set).
2023-08-10 21:00:09.886 [info] > git rev-parse --show-toplevel [63ms]
2023-08-10 21:00:09.886 [info] fatal: not a git repository (or any parent up to mount point /mnt)
Stopping at filesystem boundary (GIT_DISCOVERY_ACROSS_FILESYSTEM not set).
