[Info  - 2:56:42 PM] Solidity by Nomic Foundation Starting ...
[Info  - 2:56:42 PM] env: production
[Info  - 2:56:43 PM] Client starting
[Info  - 2:56:45 PM] Language server starting
[Info  - 2:56:45 PM]   Release: hardhat-solidity@0.7.3
[Info  - 2:56:45 PM]   Environment: production
[Info  - 2:56:45 PM]   Telemetry Enabled: true
[Info  - 2:56:45 PM]   Telemetry Tracking Id: 62d12970d8...
[Info  - 2:56:45 PM]   Workspace Folders:
[Info  - 2:56:45 PM]     hardhat-fund-me (file:///mnt/c/Users/aderh/Programing/Web-3/hardhat-fund-me)
[Info  - 2:56:45 PM] Fetching latest solidity versions
[Info  - 2:56:48 PM] Language server ready
[Info  - 2:57:00 PM] [indexing] Found projects:
[Info  - 2:57:00 PM] [indexing] -  Type: Hardhat
[Info  - 2:57:00 PM] [indexing]    Base path: /mnt/c/Users/aderh/Programing/Web-3/hardhat-fund-me
[Info  - 2:57:00 PM] [indexing]    Config file: /mnt/c/Users/aderh/Programing/Web-3/hardhat-fund-me/hardhat.config.js
[Info  - 2:57:00 PM] [indexing] Initializing /mnt/c/Users/aderh/Programing/Web-3/hardhat-fund-me/hardhat.config.js
[Info  - 2:57:09 PM] [hardhat-fund-me] Local HRE loaded
[Info  - 2:57:09 PM] [indexing] Done /mnt/c/Users/aderh/Programing/Web-3/hardhat-fund-me/hardhat.config.js
[Info  - 2:57:09 PM] [indexing] Scanning workspace folders for sol files
[Info  - 2:57:14 PM] [indexing] Scan complete, 939 sol files found
[Info  - 2:57:26 PM] [indexing] Analyzing 2 solidity files
[Info  - 3:12:59 PM] [hardhat-fund-me] Config file changed. Restarting worker process.
[Info  - 3:12:59 PM] [hardhat-fund-me] Child process exited: null
[Info  - 3:13:00 PM] [hardhat-fund-me] Config file changed. Restarting worker process.
[Info  - 3:13:00 PM] [hardhat-fund-me] Child process exited: null
[Info  - 3:13:10 PM] [hardhat-fund-me] Error loading HRE: Error: Cannot find module './tasks/block-number.js'
Require stack:
- /mnt/c/Users/aderh/Programing/Web-3/hardhat-fund-me/hardhat.config.js
- /mnt/c/Users/aderh/Programing/Web-3/hardhat-fund-me/node_modules/hardhat/internal/core/config/config-loading.js
- /mnt/c/Users/aderh/Programing/Web-3/hardhat-fund-me/node_modules/hardhat/register.js
- /home/yaryhin/.vscode-server/extensions/nomicfoundation.hardhat-solidity-0.7.3/server/out/worker/WorkerProcess.js
[Info  - 3:13:10 PM] [hardhat-fund-me] Child process exited: 1
[Info  - 3:13:29 PM] [hardhat-fund-me] Config file changed. Restarting worker process.
[Info  - 3:13:38 PM] [hardhat-fund-me] Local HRE loaded
[Info  - 3:13:45 PM] [hardhat-fund-me] Config file changed. Restarting worker process.
[Info  - 3:13:45 PM] [hardhat-fund-me] Child process exited: null
[Info  - 3:13:55 PM] [hardhat-fund-me] Config file changed. Restarting worker process.
[Info  - 3:13:55 PM] [hardhat-fund-me] Child process exited: null
[Info  - 3:13:57 PM] [hardhat-fund-me] Config file changed. Restarting worker process.
[Info  - 3:13:57 PM] [hardhat-fund-me] Child process exited: null
[Info  - 3:14:17 PM] [hardhat-fund-me] Local HRE loaded
[Info  - 3:31:42 PM] [hardhat-fund-me] Config file changed. Restarting worker process.
[Info  - 3:31:42 PM] [hardhat-fund-me] Child process exited: null
[Info  - 3:31:54 PM] [hardhat-fund-me] Config file changed. Restarting worker process.
[Info  - 3:31:54 PM] [hardhat-fund-me] Child process exited: null
[Info  - 3:31:58 PM] [hardhat-fund-me] Config file changed. Restarting worker process.
[Info  - 3:31:58 PM] [hardhat-fund-me] Child process exited: null
[Info  - 3:32:00 PM] [hardhat-fund-me] Config file changed. Restarting worker process.
[Info  - 3:32:00 PM] [hardhat-fund-me] Child process exited: null
[Info  - 3:32:07 PM] [hardhat-fund-me] Config file changed. Restarting worker process.
[Info  - 3:32:07 PM] [hardhat-fund-me] Child process exited: null
[Info  - 3:32:10 PM] [hardhat-fund-me] Config file changed. Restarting worker process.
[Info  - 3:32:10 PM] [hardhat-fund-me] Child process exited: null
[Info  - 3:32:15 PM] [hardhat-fund-me] Config file changed. Restarting worker process.
[Info  - 3:32:15 PM] [hardhat-fund-me] Child process exited: null
[Info  - 3:32:17 PM] [hardhat-fund-me] Config file changed. Restarting worker process.
[Info  - 3:32:17 PM] [hardhat-fund-me] Child process exited: null
[Info  - 3:32:21 PM] [hardhat-fund-me] Config file changed. Restarting worker process.
[Info  - 3:32:21 PM] [hardhat-fund-me] Child process exited: null
[Info  - 3:32:42 PM] [hardhat-fund-me] Local HRE loaded
[Info  - 5:12:09 PM] [hardhat-fund-me] Config file changed. Restarting worker process.
[Info  - 5:12:09 PM] [hardhat-fund-me] Child process exited: null
[Info  - 5:12:14 PM] [hardhat-fund-me] Config file changed. Restarting worker process.
[Info  - 5:12:14 PM] [hardhat-fund-me] Child process exited: null
[Info  - 5:12:19 PM] [hardhat-fund-me] Config file changed. Restarting worker process.
[Info  - 5:12:19 PM] [hardhat-fund-me] Child process exited: null
[Info  - 5:12:23 PM] [hardhat-fund-me] Config file changed. Restarting worker process.
[Info  - 5:12:23 PM] [hardhat-fund-me] Child process exited: null
[Info  - 5:12:25 PM] [hardhat-fund-me] Config file changed. Restarting worker process.
[Info  - 5:12:25 PM] [hardhat-fund-me] Child process exited: null
[Info  - 5:12:34 PM] [hardhat-fund-me] Config file changed. Restarting worker process.
[Info  - 5:12:34 PM] [hardhat-fund-me] Child process exited: null
[Info  - 5:12:36 PM] [hardhat-fund-me] Config file changed. Restarting worker process.
[Info  - 5:12:36 PM] [hardhat-fund-me] Child process exited: null
[Info  - 5:12:38 PM] [hardhat-fund-me] Config file changed. Restarting worker process.
[Info  - 5:12:38 PM] [hardhat-fund-me] Child process exited: null
[Info  - 5:12:44 PM] [hardhat-fund-me] Error loading HRE: SyntaxError: Unexpected token '{'
[Info  - 5:12:44 PM] [hardhat-fund-me] Child process exited: 1
[Info  - 5:12:46 PM] [hardhat-fund-me] Config file changed. Restarting worker process.
[Info  - 5:12:52 PM] [hardhat-fund-me] Error loading HRE: SyntaxError: Unexpected identifier
[Info  - 5:12:52 PM] [hardhat-fund-me] Child process exited: 1
[Info  - 5:12:54 PM] [hardhat-fund-me] Config file changed. Restarting worker process.
[Info  - 5:12:56 PM] [hardhat-fund-me] Config file changed. Restarting worker process.
[Info  - 5:12:56 PM] [hardhat-fund-me] Child process exited: null
[Info  - 5:12:59 PM] [hardhat-fund-me] Config file changed. Restarting worker process.
[Info  - 5:12:59 PM] [hardhat-fund-me] Child process exited: null
[Info  - 5:13:05 PM] [hardhat-fund-me] Error loading HRE: SyntaxError: Unexpected identifier
[Info  - 5:13:05 PM] [hardhat-fund-me] Child process exited: 1
[Info  - 5:13:07 PM] [hardhat-fund-me] Config file changed. Restarting worker process.
[Info  - 5:13:08 PM] [hardhat-fund-me] Config file changed. Restarting worker process.
[Info  - 5:13:08 PM] [hardhat-fund-me] Child process exited: null
[Info  - 5:13:13 PM] [hardhat-fund-me] Config file changed. Restarting worker process.
[Info  - 5:13:13 PM] [hardhat-fund-me] Child process exited: null
[Info  - 5:13:17 PM] [hardhat-fund-me] Config file changed. Restarting worker process.
[Info  - 5:13:17 PM] [hardhat-fund-me] Child process exited: null
[Info  - 5:13:27 PM] [hardhat-fund-me] Config file changed. Restarting worker process.
[Info  - 5:13:27 PM] [hardhat-fund-me] Child process exited: null
[Info  - 5:13:35 PM] [hardhat-fund-me] Config file changed. Restarting worker process.
[Info  - 5:13:35 PM] [hardhat-fund-me] Child process exited: null
[Info  - 5:13:43 PM] [hardhat-fund-me] Config file changed. Restarting worker process.
[Info  - 5:13:43 PM] [hardhat-fund-me] Child process exited: null
[Info  - 5:14:03 PM] [hardhat-fund-me] Local HRE loaded
[Info  - 5:50:32 PM] [hardhat-fund-me] Config file changed. Restarting worker process.
[Info  - 5:50:32 PM] [hardhat-fund-me] Child process exited: null
[Info  - 5:50:55 PM] [hardhat-fund-me] Local HRE loaded
[Info  - 5:51:18 PM] [hardhat-fund-me] Config file changed. Restarting worker process.
[Info  - 5:51:18 PM] [hardhat-fund-me] Child process exited: null
[Info  - 5:51:26 PM] [hardhat-fund-me] Config file changed. Restarting worker process.
[Info  - 5:51:26 PM] [hardhat-fund-me] Child process exited: null
[Info  - 5:51:30 PM] [hardhat-fund-me] Config file changed. Restarting worker process.
[Info  - 5:51:30 PM] [hardhat-fund-me] Child process exited: null
[Info  - 5:51:32 PM] [hardhat-fund-me] Config file changed. Restarting worker process.
[Info  - 5:51:32 PM] [hardhat-fund-me] Child process exited: null
[Info  - 5:51:54 PM] [hardhat-fund-me] Local HRE loaded
