2023-08-08 14:56:41.571 [info] Extension host with pid 892 started
2023-08-08 14:56:41.586 [info] Lock '/home/yaryhin/.vscode-server/data/User/workspaceStorage/be2dd2873fe257a7b312ffa5aef22c4c/vscode.lock': Lock acquired.
2023-08-08 14:56:41.627 [info] ExtensionService#_doActivateExtension vscode.typescript-language-features, startup: false, activationEvent: 'onLanguage:javascript'
2023-08-08 14:56:41.628 [info] ExtensionService#_doActivateExtension vscode.emmet, startup: false, activationEvent: 'onLanguage'
2023-08-08 14:56:42.005 [info] ExtensionService#_doActivateExtension vscode.git-base, startup: true, activationEvent: '*', root cause: vscode.git
2023-08-08 14:56:42.031 [info] ExtensionService#_doActivateExtension vscode.npm, startup: true, activationEvent: 'workspaceContains:package.json'
2023-08-08 14:56:42.282 [info] ExtensionService#_doActivateExtension vscode.git, startup: true, activationEvent: '*'
2023-08-08 14:56:42.282 [info] ExtensionService#_doActivateExtension vscode.github, startup: true, activationEvent: '*'
2023-08-08 14:56:42.630 [info] ExtensionService#_doActivateExtension NomicFoundation.hardhat-solidity, startup: true, activationEvent: 'workspaceContains:**/hardhat.config.{ts,js},**/foundry.toml,**/truffle-config.js,**/ape-config.yaml'
2023-08-08 14:56:43.766 [info] Eager extensions activated
2023-08-08 14:56:43.767 [info] ExtensionService#_doActivateExtension vscode.debug-auto-launch, startup: false, activationEvent: 'onStartupFinished'
2023-08-08 14:56:43.767 [info] ExtensionService#_doActivateExtension vscode.merge-conflict, startup: false, activationEvent: 'onStartupFinished'
2023-08-08 14:56:44.087 [error] Error: Language client is not ready yet
	at LanguageClient2.sendNotification (/home/yaryhin/.vscode-server/extensions/nomicfoundation.hardhat-solidity-0.7.3/out/extension.js:56:72901)
	at notifyTelemetryChanged (/home/yaryhin/.vscode-server/extensions/nomicfoundation.hardhat-solidity-0.7.3/out/extension.js:62:9930)
	at r.value (/home/yaryhin/.vscode-server/extensions/nomicfoundation.hardhat-solidity-0.7.3/out/extension.js:62:10195)
	at f.w (/home/yaryhin/.vscode-server/bin/6445d93c81ebe42c4cbd7a60712e0b17d9463e97/out/vs/workbench/api/node/extensionHostProcess.js:63:1902)
	at f.x (/home/yaryhin/.vscode-server/bin/6445d93c81ebe42c4cbd7a60712e0b17d9463e97/out/vs/workbench/api/node/extensionHostProcess.js:63:1972)
	at fire (/home/yaryhin/.vscode-server/bin/6445d93c81ebe42c4cbd7a60712e0b17d9463e97/out/vs/workbench/api/node/extensionHostProcess.js:63:2188)
	at i.$acceptConfigurationChanged (/home/yaryhin/.vscode-server/bin/6445d93c81ebe42c4cbd7a60712e0b17d9463e97/out/vs/workbench/api/node/extensionHostProcess.js:116:24244)
	at /home/yaryhin/.vscode-server/bin/6445d93c81ebe42c4cbd7a60712e0b17d9463e97/out/vs/workbench/api/node/extensionHostProcess.js:116:23797
	at processTicksAndRejections (node:internal/process/task_queues:96:5)
2023-08-08 14:56:45.816 [error] Error: Language client is not ready yet
	at LanguageClient2.sendNotification (/home/yaryhin/.vscode-server/extensions/nomicfoundation.hardhat-solidity-0.7.3/out/extension.js:56:72901)
	at notifyTelemetryChanged (/home/yaryhin/.vscode-server/extensions/nomicfoundation.hardhat-solidity-0.7.3/out/extension.js:62:9930)
	at r.value (/home/yaryhin/.vscode-server/extensions/nomicfoundation.hardhat-solidity-0.7.3/out/extension.js:62:10195)
	at f.w (/home/yaryhin/.vscode-server/bin/6445d93c81ebe42c4cbd7a60712e0b17d9463e97/out/vs/workbench/api/node/extensionHostProcess.js:63:1902)
	at f.x (/home/yaryhin/.vscode-server/bin/6445d93c81ebe42c4cbd7a60712e0b17d9463e97/out/vs/workbench/api/node/extensionHostProcess.js:63:1972)
	at fire (/home/yaryhin/.vscode-server/bin/6445d93c81ebe42c4cbd7a60712e0b17d9463e97/out/vs/workbench/api/node/extensionHostProcess.js:63:2188)
	at i.$acceptConfigurationChanged (/home/yaryhin/.vscode-server/bin/6445d93c81ebe42c4cbd7a60712e0b17d9463e97/out/vs/workbench/api/node/extensionHostProcess.js:116:24244)
	at /home/yaryhin/.vscode-server/bin/6445d93c81ebe42c4cbd7a60712e0b17d9463e97/out/vs/workbench/api/node/extensionHostProcess.js:116:23797
	at processTicksAndRejections (node:internal/process/task_queues:96:5)
2023-08-08 15:01:36.460 [info] ExtensionService#_doActivateExtension vscode.extension-editing, startup: false, activationEvent: 'onLanguage:json'
2023-08-08 15:01:36.461 [info] ExtensionService#_doActivateExtension vscode.json-language-features, startup: false, activationEvent: 'onLanguage:json'
2023-08-08 18:20:16.449 [error] [vscode.typescript-language-features] provider FAILED
2023-08-08 18:20:16.449 [error] Error: DisposableStore is missing...
	at ce.l (/home/yaryhin/.vscode-server/bin/6445d93c81ebe42c4cbd7a60712e0b17d9463e97/out/vs/workbench/api/node/extensionHostProcess.js:105:51424)
	at ce.resolveCompletionItem (/home/yaryhin/.vscode-server/bin/6445d93c81ebe42c4cbd7a60712e0b17d9463e97/out/vs/workbench/api/node/extensionHostProcess.js:105:50894)
	at processTicksAndRejections (node:internal/process/task_queues:96:5)
