2023-08-10 21:12:21.956 [info] Log level: Info
2023-08-10 21:12:21.956 [info] Validating found git in: "git"
2023-08-10 21:12:21.956 [info] Using git "2.34.1" from "git"
2023-08-10 21:12:21.956 [info] > git rev-parse --show-toplevel [38ms]
2023-08-10 21:12:21.956 [info] fatal: not a git repository (or any parent up to mount point /mnt)
Stopping at filesystem boundary (GIT_DISCOVERY_ACROSS_FILESYSTEM not set).
2023-08-10 21:12:22.001 [info] > git rev-parse --show-toplevel [29ms]
2023-08-10 21:12:22.001 [info] fatal: not a git repository (or any parent up to mount point /mnt)
Stopping at filesystem boundary (GIT_DISCOVERY_ACROSS_FILESYSTEM not set).
2023-08-10 21:12:22.039 [info] > git rev-parse --show-toplevel [23ms]
2023-08-10 21:12:22.039 [info] fatal: not a git repository (or any parent up to mount point /mnt)
Stopping at filesystem boundary (GIT_DISCOVERY_ACROSS_FILESYSTEM not set).
2023-08-10 21:12:22.075 [info] > git rev-parse --show-toplevel [23ms]
2023-08-10 21:12:22.075 [info] fatal: not a git repository (or any parent up to mount point /mnt)
Stopping at filesystem boundary (GIT_DISCOVERY_ACROSS_FILESYSTEM not set).
2023-08-10 21:12:22.170 [info] > git rev-parse --show-toplevel [81ms]
2023-08-10 21:12:22.171 [info] fatal: not a git repository (or any parent up to mount point /mnt)
Stopping at filesystem boundary (GIT_DISCOVERY_ACROSS_FILESYSTEM not set).
2023-08-10 21:12:22.341 [info] > git rev-parse --show-toplevel [128ms]
2023-08-10 21:12:22.341 [info] fatal: not a git repository (or any parent up to mount point /mnt)
Stopping at filesystem boundary (GIT_DISCOVERY_ACROSS_FILESYSTEM not set).
2023-08-10 21:12:22.534 [info] > git rev-parse --show-toplevel [166ms]
2023-08-10 21:12:22.534 [info] fatal: not a git repository (or any parent up to mount point /mnt)
Stopping at filesystem boundary (GIT_DISCOVERY_ACROSS_FILESYSTEM not set).
2023-08-10 21:12:22.679 [info] > git rev-parse --show-toplevel [113ms]
2023-08-10 21:12:22.679 [info] fatal: not a git repository (or any parent up to mount point /mnt)
Stopping at filesystem boundary (GIT_DISCOVERY_ACROSS_FILESYSTEM not set).
2023-08-10 21:12:22.925 [info] > git rev-parse --show-toplevel [170ms]
2023-08-10 21:12:22.925 [info] fatal: not a git repository (or any parent up to mount point /mnt)
Stopping at filesystem boundary (GIT_DISCOVERY_ACROSS_FILESYSTEM not set).
2023-08-10 21:12:23.033 [info] > git rev-parse --show-toplevel [89ms]
2023-08-10 21:12:23.033 [info] fatal: not a git repository (or any parent up to mount point /mnt)
Stopping at filesystem boundary (GIT_DISCOVERY_ACROSS_FILESYSTEM not set).
2023-08-10 21:12:23.121 [info] > git rev-parse --show-toplevel [68ms]
2023-08-10 21:12:23.122 [info] fatal: not a git repository (or any parent up to mount point /mnt)
Stopping at filesystem boundary (GIT_DISCOVERY_ACROSS_FILESYSTEM not set).
2023-08-10 21:12:23.241 [info] > git rev-parse --show-toplevel [102ms]
2023-08-10 21:12:23.241 [info] fatal: not a git repository (or any parent up to mount point /mnt)
Stopping at filesystem boundary (GIT_DISCOVERY_ACROSS_FILESYSTEM not set).
2023-08-10 21:12:23.299 [info] > git rev-parse --show-toplevel [38ms]
2023-08-10 21:12:23.299 [info] fatal: not a git repository (or any parent up to mount point /mnt)
Stopping at filesystem boundary (GIT_DISCOVERY_ACROSS_FILESYSTEM not set).
2023-08-10 21:12:24.038 [info] > git rev-parse --show-toplevel [34ms]
2023-08-10 21:12:24.038 [info] fatal: not a git repository (or any parent up to mount point /mnt)
Stopping at filesystem boundary (GIT_DISCOVERY_ACROSS_FILESYSTEM not set).
