2023-08-10 21:00:03.123 [info] Extension host with pid 11656 started
2023-08-10 21:00:03.154 [info] Lock '/home/yaryhin/.vscode-server/data/User/workspaceStorage/8fc3edb55deab684020662b5d44f97ba/vscode.lock': Lock acquired.
2023-08-10 21:00:03.304 [info] ExtensionService#_doActivateExtension vscode.git-base, startup: true, activationEvent: '*', root cause: vscode.git
2023-08-10 21:00:03.501 [info] ExtensionService#_doActivateExtension vscode.git, startup: true, activationEvent: '*'
2023-08-10 21:00:03.502 [info] ExtensionService#_doActivateExtension vscode.github, startup: true, activationEvent: '*'
2023-08-10 21:00:04.254 [info] ExtensionService#_doActivateExtension NomicFoundation.hardhat-solidity, startup: true, activationEvent: 'workspaceContains:**/hardhat.config.{ts,js},**/foundry.toml,**/truffle-config.js,**/ape-config.yaml'
2023-08-10 21:00:05.059 [info] Eager extensions activated
2023-08-10 21:00:05.060 [info] ExtensionService#_doActivateExtension vscode.debug-auto-launch, startup: false, activationEvent: 'onStartupFinished'
2023-08-10 21:00:05.061 [info] ExtensionService#_doActivateExtension vscode.merge-conflict, startup: false, activationEvent: 'onStartupFinished'
2023-08-10 21:00:09.805 [error] Error: Language client is not ready yet
	at LanguageClient2.sendNotification (/home/yaryhin/.vscode-server/extensions/nomicfoundation.hardhat-solidity-0.7.3/out/extension.js:56:72901)
	at notifyTelemetryChanged (/home/yaryhin/.vscode-server/extensions/nomicfoundation.hardhat-solidity-0.7.3/out/extension.js:62:9930)
	at r.value (/home/yaryhin/.vscode-server/extensions/nomicfoundation.hardhat-solidity-0.7.3/out/extension.js:62:10195)
	at f.w (/home/yaryhin/.vscode-server/bin/6445d93c81ebe42c4cbd7a60712e0b17d9463e97/out/vs/workbench/api/node/extensionHostProcess.js:63:1902)
	at f.x (/home/yaryhin/.vscode-server/bin/6445d93c81ebe42c4cbd7a60712e0b17d9463e97/out/vs/workbench/api/node/extensionHostProcess.js:63:1972)
	at fire (/home/yaryhin/.vscode-server/bin/6445d93c81ebe42c4cbd7a60712e0b17d9463e97/out/vs/workbench/api/node/extensionHostProcess.js:63:2188)
	at i.$acceptConfigurationChanged (/home/yaryhin/.vscode-server/bin/6445d93c81ebe42c4cbd7a60712e0b17d9463e97/out/vs/workbench/api/node/extensionHostProcess.js:116:24244)
	at /home/yaryhin/.vscode-server/bin/6445d93c81ebe42c4cbd7a60712e0b17d9463e97/out/vs/workbench/api/node/extensionHostProcess.js:116:23797
	at processTicksAndRejections (node:internal/process/task_queues:96:5)
2023-08-10 21:00:46.736 [info] ExtensionService#_doActivateExtension vscode.npm, startup: false, activationEvent: 'onTerminalQuickFixRequest:ms-vscode.npm-command'
2023-08-10 21:10:56.122 [info] Extension host terminating: received terminate message from renderer
2023-08-10 21:10:56.124 [info] Lock '/home/yaryhin/.vscode-server/data/User/workspaceStorage/8fc3edb55deab684020662b5d44f97ba/vscode.lock': Marking the lockfile as scheduled to be released in 6000 ms.
2023-08-10 21:10:56.216 [info] Extension host with pid 11656 exiting with code 0
