2023-08-10 20:07:24.260 [info] Log level: Info
2023-08-10 20:07:24.260 [info] Validating found git in: "git"
2023-08-10 20:07:24.260 [info] Using git "2.34.1" from "git"
2023-08-10 20:07:24.260 [info] > git rev-parse --show-toplevel [21ms]
2023-08-10 20:07:24.260 [info] fatal: not a git repository (or any parent up to mount point /mnt)
Stopping at filesystem boundary (GIT_DISCOVERY_ACROSS_FILESYSTEM not set).
2023-08-10 20:07:24.260 [info] > git rev-parse --show-toplevel [21ms]
2023-08-10 20:07:24.260 [info] fatal: not a git repository (or any parent up to mount point /mnt)
Stopping at filesystem boundary (GIT_DISCOVERY_ACROSS_FILESYSTEM not set).
2023-08-10 20:07:24.260 [info] > git rev-parse --show-toplevel [176ms]
2023-08-10 20:07:24.260 [info] fatal: not a git repository (or any parent up to mount point /mnt)
Stopping at filesystem boundary (GIT_DISCOVERY_ACROSS_FILESYSTEM not set).
2023-08-10 20:07:24.359 [info] > git rev-parse --show-toplevel [105ms]
2023-08-10 20:07:24.360 [info] fatal: not a git repository (or any parent up to mount point /mnt)
Stopping at filesystem boundary (GIT_DISCOVERY_ACROSS_FILESYSTEM not set).
2023-08-10 20:07:24.534 [info] > git rev-parse --show-toplevel [127ms]
2023-08-10 20:07:24.534 [info] fatal: not a git repository (or any parent up to mount point /mnt)
Stopping at filesystem boundary (GIT_DISCOVERY_ACROSS_FILESYSTEM not set).
2023-08-10 20:07:24.683 [info] > git rev-parse --show-toplevel [128ms]
2023-08-10 20:07:24.683 [info] fatal: not a git repository (or any parent up to mount point /mnt)
Stopping at filesystem boundary (GIT_DISCOVERY_ACROSS_FILESYSTEM not set).
2023-08-10 20:07:24.791 [info] > git rev-parse --show-toplevel [28ms]
2023-08-10 20:07:24.792 [info] fatal: not a git repository (or any parent up to mount point /mnt)
Stopping at filesystem boundary (GIT_DISCOVERY_ACROSS_FILESYSTEM not set).
2023-08-10 20:07:24.831 [info] > git rev-parse --show-toplevel [26ms]
2023-08-10 20:07:24.832 [info] fatal: not a git repository (or any parent up to mount point /mnt)
Stopping at filesystem boundary (GIT_DISCOVERY_ACROSS_FILESYSTEM not set).
2023-08-10 20:07:24.877 [info] > git rev-parse --show-toplevel [30ms]
2023-08-10 20:07:24.877 [info] fatal: not a git repository (or any parent up to mount point /mnt)
Stopping at filesystem boundary (GIT_DISCOVERY_ACROSS_FILESYSTEM not set).
2023-08-10 20:07:24.921 [info] > git rev-parse --show-toplevel [29ms]
2023-08-10 20:07:24.921 [info] fatal: not a git repository (or any parent up to mount point /mnt)
Stopping at filesystem boundary (GIT_DISCOVERY_ACROSS_FILESYSTEM not set).
2023-08-10 20:07:36.529 [info] > git rev-parse --show-toplevel [25ms]
2023-08-10 20:07:36.530 [info] fatal: not a git repository (or any parent up to mount point /mnt)
Stopping at filesystem boundary (GIT_DISCOVERY_ACROSS_FILESYSTEM not set).
2023-08-10 20:20:45.091 [info] > git rev-parse --show-toplevel [79ms]
2023-08-10 20:20:45.091 [info] fatal: not a git repository (or any parent up to mount point /mnt)
Stopping at filesystem boundary (GIT_DISCOVERY_ACROSS_FILESYSTEM not set).
2023-08-10 20:21:24.175 [info] > git rev-parse --show-toplevel [22ms]
2023-08-10 20:21:24.175 [info] fatal: not a git repository (or any parent up to mount point /mnt)
Stopping at filesystem boundary (GIT_DISCOVERY_ACROSS_FILESYSTEM not set).
2023-08-10 20:22:52.315 [info] > git rev-parse --show-toplevel [24ms]
2023-08-10 20:22:52.315 [info] fatal: not a git repository (or any parent up to mount point /mnt)
Stopping at filesystem boundary (GIT_DISCOVERY_ACROSS_FILESYSTEM not set).
2023-08-10 20:23:08.705 [info] > git rev-parse --show-toplevel [73ms]
2023-08-10 20:23:08.705 [info] fatal: not a git repository (or any parent up to mount point /mnt)
Stopping at filesystem boundary (GIT_DISCOVERY_ACROSS_FILESYSTEM not set).
2023-08-10 20:23:18.964 [info] > git rev-parse --show-toplevel [28ms]
2023-08-10 20:23:18.964 [info] fatal: not a git repository (or any parent up to mount point /mnt)
Stopping at filesystem boundary (GIT_DISCOVERY_ACROSS_FILESYSTEM not set).
2023-08-10 20:26:00.231 [info] > git rev-parse --show-toplevel [23ms]
2023-08-10 20:26:00.232 [info] fatal: not a git repository (or any parent up to mount point /mnt)
Stopping at filesystem boundary (GIT_DISCOVERY_ACROSS_FILESYSTEM not set).
2023-08-10 20:26:38.207 [info] > git rev-parse --show-toplevel [22ms]
2023-08-10 20:26:38.207 [info] fatal: not a git repository (or any parent up to mount point /mnt)
Stopping at filesystem boundary (GIT_DISCOVERY_ACROSS_FILESYSTEM not set).
2023-08-10 20:26:48.158 [info] > git rev-parse --show-toplevel [25ms]
2023-08-10 20:26:48.158 [info] fatal: not a git repository (or any parent up to mount point /mnt)
Stopping at filesystem boundary (GIT_DISCOVERY_ACROSS_FILESYSTEM not set).
2023-08-10 20:33:31.673 [info] > git rev-parse --show-toplevel [24ms]
2023-08-10 20:33:31.673 [info] fatal: not a git repository (or any parent up to mount point /mnt)
Stopping at filesystem boundary (GIT_DISCOVERY_ACROSS_FILESYSTEM not set).
2023-08-10 20:36:05.439 [info] > git rev-parse --show-toplevel [23ms]
2023-08-10 20:36:05.439 [info] fatal: not a git repository (or any parent up to mount point /mnt)
Stopping at filesystem boundary (GIT_DISCOVERY_ACROSS_FILESYSTEM not set).
2023-08-10 20:36:24.638 [info] > git rev-parse --show-toplevel [23ms]
2023-08-10 20:36:24.638 [info] fatal: not a git repository (or any parent up to mount point /mnt)
Stopping at filesystem boundary (GIT_DISCOVERY_ACROSS_FILESYSTEM not set).
2023-08-10 20:36:27.125 [info] > git rev-parse --show-toplevel [25ms]
2023-08-10 20:36:27.125 [info] fatal: not a git repository (or any parent up to mount point /mnt)
Stopping at filesystem boundary (GIT_DISCOVERY_ACROSS_FILESYSTEM not set).
2023-08-10 20:36:49.535 [info] > git rev-parse --show-toplevel [23ms]
2023-08-10 20:36:49.535 [info] fatal: not a git repository (or any parent up to mount point /mnt)
Stopping at filesystem boundary (GIT_DISCOVERY_ACROSS_FILESYSTEM not set).
2023-08-10 20:36:51.537 [info] > git rev-parse --show-toplevel [24ms]
2023-08-10 20:36:51.538 [info] fatal: not a git repository (or any parent up to mount point /mnt)
Stopping at filesystem boundary (GIT_DISCOVERY_ACROSS_FILESYSTEM not set).
2023-08-10 20:37:15.025 [info] > git rev-parse --show-toplevel [28ms]
2023-08-10 20:37:15.025 [info] fatal: not a git repository (or any parent up to mount point /mnt)
Stopping at filesystem boundary (GIT_DISCOVERY_ACROSS_FILESYSTEM not set).
2023-08-10 20:37:16.948 [info] > git rev-parse --show-toplevel [59ms]
2023-08-10 20:37:16.948 [info] fatal: not a git repository (or any parent up to mount point /mnt)
Stopping at filesystem boundary (GIT_DISCOVERY_ACROSS_FILESYSTEM not set).
2023-08-10 20:37:51.271 [info] > git rev-parse --show-toplevel [26ms]
2023-08-10 20:37:51.271 [info] fatal: not a git repository (or any parent up to mount point /mnt)
Stopping at filesystem boundary (GIT_DISCOVERY_ACROSS_FILESYSTEM not set).
2023-08-10 20:38:49.774 [info] > git rev-parse --show-toplevel [51ms]
2023-08-10 20:38:49.774 [info] fatal: not a git repository (or any parent up to mount point /mnt)
Stopping at filesystem boundary (GIT_DISCOVERY_ACROSS_FILESYSTEM not set).
2023-08-10 20:38:51.119 [info] > git rev-parse --show-toplevel [23ms]
2023-08-10 20:38:51.119 [info] fatal: not a git repository (or any parent up to mount point /mnt)
Stopping at filesystem boundary (GIT_DISCOVERY_ACROSS_FILESYSTEM not set).
2023-08-10 20:40:46.964 [info] > git rev-parse --show-toplevel [25ms]
2023-08-10 20:40:46.964 [info] fatal: not a git repository (or any parent up to mount point /mnt)
Stopping at filesystem boundary (GIT_DISCOVERY_ACROSS_FILESYSTEM not set).
2023-08-10 20:41:11.959 [info] > git rev-parse --show-toplevel [23ms]
2023-08-10 20:41:11.959 [info] fatal: not a git repository (or any parent up to mount point /mnt)
Stopping at filesystem boundary (GIT_DISCOVERY_ACROSS_FILESYSTEM not set).
2023-08-10 20:41:14.396 [info] > git rev-parse --show-toplevel [26ms]
2023-08-10 20:41:14.396 [info] fatal: not a git repository (or any parent up to mount point /mnt)
Stopping at filesystem boundary (GIT_DISCOVERY_ACROSS_FILESYSTEM not set).
2023-08-10 20:41:16.879 [info] > git rev-parse --show-toplevel [23ms]
2023-08-10 20:41:16.879 [info] fatal: not a git repository (or any parent up to mount point /mnt)
Stopping at filesystem boundary (GIT_DISCOVERY_ACROSS_FILESYSTEM not set).
2023-08-10 20:41:17.653 [info] > git rev-parse --show-toplevel [25ms]
2023-08-10 20:41:17.653 [info] fatal: not a git repository (or any parent up to mount point /mnt)
Stopping at filesystem boundary (GIT_DISCOVERY_ACROSS_FILESYSTEM not set).
2023-08-10 20:41:19.446 [info] > git rev-parse --show-toplevel [46ms]
2023-08-10 20:41:19.446 [info] fatal: not a git repository (or any parent up to mount point /mnt)
Stopping at filesystem boundary (GIT_DISCOVERY_ACROSS_FILESYSTEM not set).
2023-08-10 20:41:20.174 [info] > git rev-parse --show-toplevel [25ms]
2023-08-10 20:41:20.174 [info] fatal: not a git repository (or any parent up to mount point /mnt)
Stopping at filesystem boundary (GIT_DISCOVERY_ACROSS_FILESYSTEM not set).
2023-08-10 20:41:23.382 [info] > git rev-parse --show-toplevel [26ms]
2023-08-10 20:41:23.382 [info] fatal: not a git repository (or any parent up to mount point /mnt)
Stopping at filesystem boundary (GIT_DISCOVERY_ACROSS_FILESYSTEM not set).
2023-08-10 20:41:25.955 [info] > git rev-parse --show-toplevel [24ms]
2023-08-10 20:41:25.955 [info] fatal: not a git repository (or any parent up to mount point /mnt)
Stopping at filesystem boundary (GIT_DISCOVERY_ACROSS_FILESYSTEM not set).
2023-08-10 20:41:28.834 [info] > git rev-parse --show-toplevel [24ms]
2023-08-10 20:41:28.834 [info] fatal: not a git repository (or any parent up to mount point /mnt)
Stopping at filesystem boundary (GIT_DISCOVERY_ACROSS_FILESYSTEM not set).
2023-08-10 20:41:31.268 [info] > git rev-parse --show-toplevel [26ms]
2023-08-10 20:41:31.268 [info] fatal: not a git repository (or any parent up to mount point /mnt)
Stopping at filesystem boundary (GIT_DISCOVERY_ACROSS_FILESYSTEM not set).
2023-08-10 20:41:34.092 [info] > git rev-parse --show-toplevel [27ms]
2023-08-10 20:41:34.092 [info] fatal: not a git repository (or any parent up to mount point /mnt)
Stopping at filesystem boundary (GIT_DISCOVERY_ACROSS_FILESYSTEM not set).
2023-08-10 20:51:55.641 [info] > git rev-parse --show-toplevel [25ms]
2023-08-10 20:51:55.641 [info] fatal: not a git repository (or any parent up to mount point /mnt)
Stopping at filesystem boundary (GIT_DISCOVERY_ACROSS_FILESYSTEM not set).
2023-08-10 20:52:01.952 [info] > git rev-parse --show-toplevel [24ms]
2023-08-10 20:52:01.952 [info] fatal: not a git repository (or any parent up to mount point /mnt)
Stopping at filesystem boundary (GIT_DISCOVERY_ACROSS_FILESYSTEM not set).
2023-08-10 20:54:11.626 [info] > git rev-parse --show-toplevel [23ms]
2023-08-10 20:54:11.626 [info] fatal: not a git repository (or any parent up to mount point /mnt)
Stopping at filesystem boundary (GIT_DISCOVERY_ACROSS_FILESYSTEM not set).
2023-08-10 20:54:13.781 [info] > git rev-parse --show-toplevel [22ms]
2023-08-10 20:54:13.782 [info] fatal: not a git repository (or any parent up to mount point /mnt)
Stopping at filesystem boundary (GIT_DISCOVERY_ACROSS_FILESYSTEM not set).
2023-08-10 20:55:25.918 [info] > git rev-parse --show-toplevel [28ms]
2023-08-10 20:55:25.918 [info] fatal: not a git repository (or any parent up to mount point /mnt)
Stopping at filesystem boundary (GIT_DISCOVERY_ACROSS_FILESYSTEM not set).
